#
# There is insufficient memory for the Java Runtime Environment to continue.
# Native memory allocation (malloc) failed to allocate 1511696 bytes. Error detail: Chunk::new
# Possible reasons:
#   The system is out of physical RAM or swap space
#   This process is running with CompressedOops enabled, and the Java Heap may be blocking the growth of the native heap
# Possible solutions:
#   Reduce memory load on the system
#   Increase physical memory or swap space
#   Check if swap backing store is full
#   Decrease Java heap size (-Xmx/-Xms)
#   Decrease number of Java threads
#   Decrease Java thread stack sizes (-Xss)
#   Set larger code cache with -XX:ReservedCodeCacheSize=
#   JVM is running with Unscaled Compressed Oops mode in which the Java heap is
#     placed in the first 4GB address space. The Java Heap base address is the
#     maximum limit for the native heap growth. Please use -XX:HeapBaseMinAddress
#     to set the Java Heap base and to place the Java Heap above 4GB virtual address.
# This output file may be truncated or incomplete.
#
#  Out of Memory Error (arena.cpp:168), pid=23048, tid=32220
#
# JRE version: OpenJDK Runtime Environment Temurin-21.0.7+6 (21.0.7+6) (build 21.0.7+6-LTS)
# Java VM: OpenJDK 64-Bit Server VM Temurin-21.0.7+6 (21.0.7+6-LTS, mixed mode, sharing, tiered, compressed oops, compressed class ptrs, parallel gc, windows-amd64)
# No core dump will be written. Minidumps are not enabled by default on client versions of Windows
#

---------------  S U M M A R Y ------------

Command Line: --add-modules=ALL-SYSTEM --add-opens=java.base/java.util=ALL-UNNAMED --add-opens=java.base/java.lang=ALL-UNNAMED --add-opens=java.base/sun.nio.fs=ALL-UNNAMED -Declipse.application=org.eclipse.jdt.ls.core.id1 -Dosgi.bundles.defaultStartLevel=4 -Declipse.product=org.eclipse.jdt.ls.core.product -Djava.import.generatesMetadataFilesAtProjectRoot=false -DDetectVMInstallationsJob.disabled=true -Dfile.encoding=utf8 -XX:+UseParallelGC -XX:GCTimeRatio=4 -XX:AdaptiveSizePolicyWeight=90 -Dsun.zip.disableMemoryMapping=true -Xmx1G -Xms100m -Xlog:disable -javaagent:c:\Users\21355\.vscode\extensions\redhat.java-1.42.0-win32-x64\lombok\lombok-1.18.36.jar c:\Users\21355\.vscode\extensions\redhat.java-1.42.0-win32-x64\server\plugins\org.eclipse.equinox.launcher_1.7.0.v20250424-1814.jar -configuration c:\Users\21355\AppData\Roaming\Code\User\globalStorage\redhat.java\1.42.0\config_ss_win -data c:\Users\21355\AppData\Roaming\Code\User\workspaceStorage\ccb18cf87925110d0de6d8524cb8304c\redhat.java\ss_ws --pipe=\\.\pipe\lsp-6f024ace4e7d471b5e6fde204a4b4448-sock

Host: 11th Gen Intel(R) Core(TM) i7-1165G7 @ 2.80GHz, 8 cores, 7G,  Windows 11 , 64 bit Build 22621 (10.0.22621.5262)
Time: Sun Jun 15 16:21:43 2025 Afr. centrale Ouest elapsed time: 5.707172 seconds (0d 0h 0m 5s)

---------------  T H R E A D  ---------------

Current thread (0x00000275b285d880):  JavaThread "C2 CompilerThread0" daemon [_thread_in_native, id=32220, stack(0x000000b76d100000,0x000000b76d200000) (1024K)]


Current CompileTask:
C2:5707 2564       4       java.lang.invoke.MethodType::makeImpl (109 bytes)

Stack: [0x000000b76d100000,0x000000b76d200000]
Native frames: (J=compiled Java code, j=interpreted, Vv=VM code, C=native code)
V  [jvm.dll+0x6ce119]
V  [jvm.dll+0x8a84a1]
V  [jvm.dll+0x8aa9ce]
V  [jvm.dll+0x8ab0b3]
V  [jvm.dll+0x27f8a6]
V  [jvm.dll+0xc507d]
V  [jvm.dll+0xc55b3]
V  [jvm.dll+0x3b68f2]
V  [jvm.dll+0x382aa5]
V  [jvm.dll+0x381f0a]
V  [jvm.dll+0x247af0]
V  [jvm.dll+0x2470cf]
V  [jvm.dll+0x1c760e]
V  [jvm.dll+0x25695a]
V  [jvm.dll+0x254efa]
V  [jvm.dll+0x3f03f6]
V  [jvm.dll+0x851f6b]
V  [jvm.dll+0x6cc7dd]
C  [ucrtbase.dll+0x29333]
C  [KERNEL32.DLL+0x1259d]
C  [ntdll.dll+0x5af58]


---------------  P R O C E S S  ---------------

Threads class SMR info:
_java_thread_list=0x00000275fa382100, length=20, elements={
0x000002759e4a04a0, 0x00000275b2850040, 0x00000275b2851840, 0x00000275b2853760,
0x00000275b28547f0, 0x00000275b2859ff0, 0x00000275b285aa40, 0x00000275b285d880,
0x00000275b28851a0, 0x000002759e50cbb0, 0x00000275f55d2020, 0x00000275f5bebe60,
0x00000275f5c130f0, 0x00000275f5c13750, 0x00000275f5d23850, 0x00000275fa008fd0,
0x00000275f5ab36c0, 0x00000275fa3568b0, 0x00000275fa120f60, 0x00000275fa3e54f0
}

Java Threads: ( => current thread )
  0x000002759e4a04a0 JavaThread "main"                              [_thread_blocked, id=22144, stack(0x000000b76c700000,0x000000b76c800000) (1024K)]
  0x00000275b2850040 JavaThread "Reference Handler"          daemon [_thread_blocked, id=7516, stack(0x000000b76cb00000,0x000000b76cc00000) (1024K)]
  0x00000275b2851840 JavaThread "Finalizer"                  daemon [_thread_blocked, id=10700, stack(0x000000b76cc00000,0x000000b76cd00000) (1024K)]
  0x00000275b2853760 JavaThread "Signal Dispatcher"          daemon [_thread_blocked, id=12776, stack(0x000000b76cd00000,0x000000b76ce00000) (1024K)]
  0x00000275b28547f0 JavaThread "Attach Listener"            daemon [_thread_blocked, id=19180, stack(0x000000b76ce00000,0x000000b76cf00000) (1024K)]
  0x00000275b2859ff0 JavaThread "Service Thread"             daemon [_thread_blocked, id=30056, stack(0x000000b76cf00000,0x000000b76d000000) (1024K)]
  0x00000275b285aa40 JavaThread "Monitor Deflation Thread"   daemon [_thread_blocked, id=24632, stack(0x000000b76d000000,0x000000b76d100000) (1024K)]
=>0x00000275b285d880 JavaThread "C2 CompilerThread0"         daemon [_thread_in_native, id=32220, stack(0x000000b76d100000,0x000000b76d200000) (1024K)]
  0x00000275b28851a0 JavaThread "C1 CompilerThread0"         daemon [_thread_blocked, id=28276, stack(0x000000b76d200000,0x000000b76d300000) (1024K)]
  0x000002759e50cbb0 JavaThread "Common-Cleaner"             daemon [_thread_blocked, id=16428, stack(0x000000b76d300000,0x000000b76d400000) (1024K)]
  0x00000275f55d2020 JavaThread "Notification Thread"        daemon [_thread_blocked, id=26604, stack(0x000000b76d400000,0x000000b76d500000) (1024K)]
  0x00000275f5bebe60 JavaThread "Active Thread: Equinox Container: 8e78d61a-c608-405c-b4d6-0cb14ca71e57"        [_thread_blocked, id=17704, stack(0x000000b76d600000,0x000000b76d700000) (1024K)]
  0x00000275f5c130f0 JavaThread "Framework Event Dispatcher: Equinox Container: 8e78d61a-c608-405c-b4d6-0cb14ca71e57" daemon [_thread_blocked, id=3392, stack(0x000000b76dd00000,0x000000b76de00000) (1024K)]
  0x00000275f5c13750 JavaThread "Start Level: Equinox Container: 8e78d61a-c608-405c-b4d6-0cb14ca71e57" daemon [_thread_in_Java, id=25560, stack(0x000000b76de00000,0x000000b76df00000) (1024K)]
  0x00000275f5d23850 JavaThread "SCR Component Actor"        daemon [_thread_blocked, id=27316, stack(0x000000b76e000000,0x000000b76e100000) (1024K)]
  0x00000275fa008fd0 JavaThread "SCR Component Registry"     daemon [_thread_blocked, id=31340, stack(0x000000b76e100000,0x000000b76e200000) (1024K)]
  0x00000275f5ab36c0 JavaThread "Worker-JM"                         [_thread_blocked, id=14436, stack(0x000000b76e300000,0x000000b76e400000) (1024K)]
  0x00000275fa3568b0 JavaThread "JNA Cleaner"                daemon [_thread_blocked, id=18088, stack(0x000000b76e200000,0x000000b76e300000) (1024K)]
  0x00000275fa120f60 JavaThread "Worker-0"                          [_thread_blocked, id=18452, stack(0x000000b76e400000,0x000000b76e500000) (1024K)]
  0x00000275fa3e54f0 JavaThread "Worker-1"                          [_thread_blocked, id=8668, stack(0x000000b76e500000,0x000000b76e600000) (1024K)]
Total: 20

Other Threads:
  0x000002759e55ec30 VMThread "VM Thread"                           [id=18704, stack(0x000000b76ca00000,0x000000b76cb00000) (1024K)]
  0x000002759e50bb30 WatcherThread "VM Periodic Task Thread"        [id=17000, stack(0x000000b76c900000,0x000000b76ca00000) (1024K)]
  0x000002759e4be7b0 WorkerThread "GC Thread#0"                     [id=31308, stack(0x000000b76c800000,0x000000b76c900000) (1024K)]
  0x00000275f5b33be0 WorkerThread "GC Thread#1"                     [id=26532, stack(0x000000b76d700000,0x000000b76d800000) (1024K)]
  0x00000275f5a1a810 WorkerThread "GC Thread#2"                     [id=28388, stack(0x000000b76d800000,0x000000b76d900000) (1024K)]
  0x00000275f5b33f80 WorkerThread "GC Thread#3"                     [id=26440, stack(0x000000b76d900000,0x000000b76da00000) (1024K)]
  0x00000275f5b34320 WorkerThread "GC Thread#4"                     [id=20436, stack(0x000000b76da00000,0x000000b76db00000) (1024K)]
  0x00000275f5647fa0 WorkerThread "GC Thread#5"                     [id=11084, stack(0x000000b76db00000,0x000000b76dc00000) (1024K)]
  0x00000275f5648340 WorkerThread "GC Thread#6"                     [id=23616, stack(0x000000b76dc00000,0x000000b76dd00000) (1024K)]
  0x00000275f5df0100 WorkerThread "GC Thread#7"                     [id=7596, stack(0x000000b76df00000,0x000000b76e000000) (1024K)]
Total: 10

Threads with active compile tasks:
C2 CompilerThread0  5747 2564       4       java.lang.invoke.MethodType::makeImpl (109 bytes)
Total: 1

VM state: not at safepoint (normal execution)

VM Mutex/Monitor currently owned by a thread: None

Heap address: 0x00000000c0000000, size: 1024 MB, Compressed Oops mode: 32-bit

CDS archive(s) mapped at: [0x00000275b3000000-0x00000275b3ba0000-0x00000275b3ba0000), size 12189696, SharedBaseAddress: 0x00000275b3000000, ArchiveRelocationMode: 1.
Compressed class space mapped at: 0x00000275b4000000-0x00000275f4000000, reserved size: 1073741824
Narrow klass base: 0x00000275b3000000, Narrow klass shift: 0, Narrow klass range: 0x100000000

GC Precious Log:
 CardTable entry size: 512
 CPUs: 8 total, 8 available
 Memory: 7937M
 Large Page Support: Disabled
 NUMA Support: Disabled
 Compressed Oops: Enabled (32-bit)
 Alignments: Space 512K, Generation 512K, Heap 2M
 Heap Min Capacity: 100M
 Heap Initial Capacity: 100M
 Heap Max Capacity: 1G
 Pre-touch: Disabled
 Parallel Workers: 8

Heap:
 PSYoungGen      total 29696K, used 8373K [0x00000000eab00000, 0x00000000ecc00000, 0x0000000100000000)
  eden space 25600K, 16% used [0x00000000eab00000,0x00000000eaf33770,0x00000000ec400000)
  from space 4096K, 99% used [0x00000000ec800000,0x00000000ecbfa008,0x00000000ecc00000)
  to   space 4096K, 0% used [0x00000000ec400000,0x00000000ec400000,0x00000000ec800000)
 ParOldGen       total 68608K, used 4447K [0x00000000c0000000, 0x00000000c4300000, 0x00000000eab00000)
  object space 68608K, 6% used [0x00000000c0000000,0x00000000c0457c20,0x00000000c4300000)
 Metaspace       used 17196K, committed 17920K, reserved 1114112K
  class space    used 1744K, committed 2048K, reserved 1048576K

Card table byte_map: [0x000002759de60000,0x000002759e070000] _byte_map_base: 0x000002759d860000

Marking Bits: (ParMarkBitMap*) 0x00007fff5a1331f0
 Begin Bits: [0x00000275b0690000, 0x00000275b1690000)
 End Bits:   [0x00000275b1690000, 0x00000275b2690000)

Polling page: 0x000002759c370000

Metaspace:

Usage:
  Non-class:     15.09 MB used.
      Class:      1.70 MB used.
       Both:     16.79 MB used.

Virtual space:
  Non-class space:       64.00 MB reserved,      15.50 MB ( 24%) committed,  1 nodes.
      Class space:        1.00 GB reserved,       2.00 MB ( <1%) committed,  1 nodes.
             Both:        1.06 GB reserved,      17.50 MB (  2%) committed. 

Chunk freelists:
   Non-Class:  80.00 KB
       Class:  14.03 MB
        Both:  14.11 MB

MaxMetaspaceSize: unlimited
CompressedClassSpaceSize: 1.00 GB
Initial GC threshold: 21.00 MB
Current GC threshold: 21.00 MB
CDS: on
 - commit_granule_bytes: 65536.
 - commit_granule_words: 8192.
 - virtual_space_node_default_size: 8388608.
 - enlarge_chunks_in_place: 1.
 - use_allocation_guard: 0.


Internal statistics:

num_allocs_failed_limit: 0.
num_arena_births: 522.
num_arena_deaths: 0.
num_vsnodes_births: 2.
num_vsnodes_deaths: 0.
num_space_committed: 280.
num_space_uncommitted: 0.
num_chunks_returned_to_freelist: 0.
num_chunks_taken_from_freelist: 1139.
num_chunk_merges: 0.
num_chunk_splits: 744.
num_chunks_enlarged: 475.
num_inconsistent_stats: 0.

CodeHeap 'non-profiled nmethods': size=120000Kb used=1083Kb max_used=1083Kb free=118916Kb
 bounds [0x00000275a9160000, 0x00000275a93d0000, 0x00000275b0690000]
CodeHeap 'profiled nmethods': size=120000Kb used=5133Kb max_used=5133Kb free=114866Kb
 bounds [0x00000275a1690000, 0x00000275a1ba0000, 0x00000275a8bc0000]
CodeHeap 'non-nmethods': size=5760Kb used=1283Kb max_used=1299Kb free=4476Kb
 bounds [0x00000275a8bc0000, 0x00000275a8e30000, 0x00000275a9160000]
 total_blobs=3175 nmethods=2626 adapters=455
 compilation: enabled
              stopped_count=0, restarted_count=0
 full_count=0

Compilation events (20 events):
Event: 5.629 Thread 0x00000275b28851a0 2595       3       org.lombokweb.asm.ByteVector::putByteArray (49 bytes)
Event: 5.629 Thread 0x00000275b28851a0 nmethod 2595 0x00000275a1b6df10 code [0x00000275a1b6e0e0, 0x00000275a1b6e3a8]
Event: 5.629 Thread 0x00000275b28851a0 2593       3       java.lang.String::split (148 bytes)
Event: 5.631 Thread 0x00000275b28851a0 nmethod 2593 0x00000275a1b6e510 code [0x00000275a1b6e880, 0x00000275a1b6feb0]
Event: 5.633 Thread 0x00000275b28851a0 2597       3       org.lombokweb.asm.ByteVector::<init> (13 bytes)
Event: 5.633 Thread 0x00000275b28851a0 nmethod 2597 0x00000275a1b70710 code [0x00000275a1b708c0, 0x00000275a1b70ae0]
Event: 5.633 Thread 0x00000275b28851a0 2599       3       org.lombokweb.asm.ClassReader::readMethod (1070 bytes)
Event: 5.641 Thread 0x00000275b28851a0 nmethod 2599 0x00000275a1b70b90 code [0x00000275a1b71300, 0x00000275a1b757a0]
Event: 5.641 Thread 0x00000275b28851a0 2603       3       org.lombokweb.asm.MethodWriter::<init> (232 bytes)
Event: 5.642 Thread 0x00000275b28851a0 nmethod 2603 0x00000275a1b77390 code [0x00000275a1b77620, 0x00000275a1b78178]
Event: 5.642 Thread 0x00000275b28851a0 2601       3       org.lombokweb.asm.MethodWriter::computeMethodInfoSize (571 bytes)
Event: 5.644 Thread 0x00000275b28851a0 nmethod 2601 0x00000275a1b78690 code [0x00000275a1b789c0, 0x00000275a1b79878]
Event: 5.644 Thread 0x00000275b28851a0 2600       3       org.lombokweb.asm.MethodVisitor::<init> (79 bytes)
Event: 5.645 Thread 0x00000275b28851a0 nmethod 2600 0x00000275a1b79f10 code [0x00000275a1b7a160, 0x00000275a1b7aa10]
Event: 5.645 Thread 0x00000275b28851a0 2602       3       org.lombokweb.asm.ClassWriter::visitMethod (57 bytes)
Event: 5.645 Thread 0x00000275b28851a0 nmethod 2602 0x00000275a1b7ad10 code [0x00000275a1b7aec0, 0x00000275a1b7b158]
Event: 5.645 Thread 0x00000275b28851a0 2604       3       org.lombokweb.asm.MethodVisitor::<init> (7 bytes)
Event: 5.645 Thread 0x00000275b28851a0 nmethod 2604 0x00000275a1b7b290 code [0x00000275a1b7b440, 0x00000275a1b7b588]
Event: 5.650 Thread 0x00000275b28851a0 2605       3       jdk.internal.misc.Unsafe::weakCompareAndSetLong (11 bytes)
Event: 5.650 Thread 0x00000275b28851a0 nmethod 2605 0x00000275a1b7b610 code [0x00000275a1b7b7a0, 0x00000275a1b7b8c8]

GC Heap History (7 events):
Event: 2.142 GC heap before
{Heap before GC invocations=1 (full 0):
 PSYoungGen      total 29696K, used 25600K [0x00000000eab00000, 0x00000000ecc00000, 0x0000000100000000)
  eden space 25600K, 100% used [0x00000000eab00000,0x00000000ec400000,0x00000000ec400000)
  from space 4096K, 0% used [0x00000000ec800000,0x00000000ec800000,0x00000000ecc00000)
  to   space 4096K, 0% used [0x00000000ec400000,0x00000000ec400000,0x00000000ec800000)
 ParOldGen       total 68608K, used 0K [0x00000000c0000000, 0x00000000c4300000, 0x00000000eab00000)
  object space 68608K, 0% used [0x00000000c0000000,0x00000000c0000000,0x00000000c4300000)
 Metaspace       used 4341K, committed 4544K, reserved 1114112K
  class space    used 460K, committed 576K, reserved 1048576K
}
Event: 2.157 GC heap after
{Heap after GC invocations=1 (full 0):
 PSYoungGen      total 29696K, used 3302K [0x00000000eab00000, 0x00000000ecc00000, 0x0000000100000000)
  eden space 25600K, 0% used [0x00000000eab00000,0x00000000eab00000,0x00000000ec400000)
  from space 4096K, 80% used [0x00000000ec400000,0x00000000ec739870,0x00000000ec800000)
  to   space 4096K, 0% used [0x00000000ec800000,0x00000000ec800000,0x00000000ecc00000)
 ParOldGen       total 68608K, used 8K [0x00000000c0000000, 0x00000000c4300000, 0x00000000eab00000)
  object space 68608K, 0% used [0x00000000c0000000,0x00000000c0002000,0x00000000c4300000)
 Metaspace       used 4341K, committed 4544K, reserved 1114112K
  class space    used 460K, committed 576K, reserved 1048576K
}
Event: 4.130 GC heap before
{Heap before GC invocations=2 (full 0):
 PSYoungGen      total 29696K, used 28902K [0x00000000eab00000, 0x00000000ecc00000, 0x0000000100000000)
  eden space 25600K, 100% used [0x00000000eab00000,0x00000000ec400000,0x00000000ec400000)
  from space 4096K, 80% used [0x00000000ec400000,0x00000000ec739870,0x00000000ec800000)
  to   space 4096K, 0% used [0x00000000ec800000,0x00000000ec800000,0x00000000ecc00000)
 ParOldGen       total 68608K, used 8K [0x00000000c0000000, 0x00000000c4300000, 0x00000000eab00000)
  object space 68608K, 0% used [0x00000000c0000000,0x00000000c0002000,0x00000000c4300000)
 Metaspace       used 8234K, committed 8576K, reserved 1114112K
  class space    used 846K, committed 1024K, reserved 1048576K
}
Event: 4.137 GC heap after
{Heap after GC invocations=2 (full 0):
 PSYoungGen      total 29696K, used 4068K [0x00000000eab00000, 0x00000000ecc00000, 0x0000000100000000)
  eden space 25600K, 0% used [0x00000000eab00000,0x00000000eab00000,0x00000000ec400000)
  from space 4096K, 99% used [0x00000000ec800000,0x00000000ecbf91d8,0x00000000ecc00000)
  to   space 4096K, 0% used [0x00000000ec400000,0x00000000ec400000,0x00000000ec800000)
 ParOldGen       total 68608K, used 931K [0x00000000c0000000, 0x00000000c4300000, 0x00000000eab00000)
  object space 68608K, 1% used [0x00000000c0000000,0x00000000c00e8eb8,0x00000000c4300000)
 Metaspace       used 8234K, committed 8576K, reserved 1114112K
  class space    used 846K, committed 1024K, reserved 1048576K
}
Event: 4.797 GC heap before
{Heap before GC invocations=3 (full 0):
 PSYoungGen      total 29696K, used 29624K [0x00000000eab00000, 0x00000000ecc00000, 0x0000000100000000)
  eden space 25600K, 99% used [0x00000000eab00000,0x00000000ec3f5048,0x00000000ec400000)
  from space 4096K, 99% used [0x00000000ec800000,0x00000000ecbf91d8,0x00000000ecc00000)
  to   space 4096K, 0% used [0x00000000ec400000,0x00000000ec400000,0x00000000ec800000)
 ParOldGen       total 68608K, used 931K [0x00000000c0000000, 0x00000000c4300000, 0x00000000eab00000)
  object space 68608K, 1% used [0x00000000c0000000,0x00000000c00e8eb8,0x00000000c4300000)
 Metaspace       used 13003K, committed 13568K, reserved 1114112K
  class space    used 1333K, committed 1536K, reserved 1048576K
}
Event: 4.806 GC heap after
{Heap after GC invocations=3 (full 0):
 PSYoungGen      total 29696K, used 4093K [0x00000000eab00000, 0x00000000ecc00000, 0x0000000100000000)
  eden space 25600K, 0% used [0x00000000eab00000,0x00000000eab00000,0x00000000ec400000)
  from space 4096K, 99% used [0x00000000ec400000,0x00000000ec7ff748,0x00000000ec800000)
  to   space 4096K, 0% used [0x00000000ec800000,0x00000000ec800000,0x00000000ecc00000)
 ParOldGen       total 68608K, used 2831K [0x00000000c0000000, 0x00000000c4300000, 0x00000000eab00000)
  object space 68608K, 4% used [0x00000000c0000000,0x00000000c02c3c38,0x00000000c4300000)
 Metaspace       used 13003K, committed 13568K, reserved 1114112K
  class space    used 1333K, committed 1536K, reserved 1048576K
}
Event: 5.697 GC heap before
{Heap before GC invocations=4 (full 0):
 PSYoungGen      total 29696K, used 29693K [0x00000000eab00000, 0x00000000ecc00000, 0x0000000100000000)
  eden space 25600K, 100% used [0x00000000eab00000,0x00000000ec400000,0x00000000ec400000)
  from space 4096K, 99% used [0x00000000ec400000,0x00000000ec7ff748,0x00000000ec800000)
  to   space 4096K, 0% used [0x00000000ec800000,0x00000000ec800000,0x00000000ecc00000)
 ParOldGen       total 68608K, used 2831K [0x00000000c0000000, 0x00000000c4300000, 0x00000000eab00000)
  object space 68608K, 4% used [0x00000000c0000000,0x00000000c02c3c38,0x00000000c4300000)
 Metaspace       used 17154K, committed 17920K, reserved 1114112K
  class space    used 1744K, committed 2048K, reserved 1048576K
}

Dll operation events (10 events):
Event: 0.035 Loaded shared library c:\Users\21355\.vscode\extensions\redhat.java-1.42.0-win32-x64\jre\21.0.7-win32-x86_64\bin\java.dll
Event: 0.193 Loaded shared library c:\Users\21355\.vscode\extensions\redhat.java-1.42.0-win32-x64\jre\21.0.7-win32-x86_64\bin\zip.dll
Event: 0.311 Loaded shared library C:\Users\21355\.vscode\extensions\redhat.java-1.42.0-win32-x64\jre\21.0.7-win32-x86_64\bin\instrument.dll
Event: 0.391 Loaded shared library C:\Users\21355\.vscode\extensions\redhat.java-1.42.0-win32-x64\jre\21.0.7-win32-x86_64\bin\net.dll
Event: 0.394 Loaded shared library C:\Users\21355\.vscode\extensions\redhat.java-1.42.0-win32-x64\jre\21.0.7-win32-x86_64\bin\nio.dll
Event: 0.399 Loaded shared library C:\Users\21355\.vscode\extensions\redhat.java-1.42.0-win32-x64\jre\21.0.7-win32-x86_64\bin\zip.dll
Event: 0.496 Loaded shared library C:\Users\21355\.vscode\extensions\redhat.java-1.42.0-win32-x64\jre\21.0.7-win32-x86_64\bin\jimage.dll
Event: 1.024 Loaded shared library c:\Users\21355\.vscode\extensions\redhat.java-1.42.0-win32-x64\jre\21.0.7-win32-x86_64\bin\verify.dll
Event: 4.282 Loaded shared library C:\Users\21355\AppData\Roaming\Code\User\globalStorage\redhat.java\1.42.0\config_ss_win\org.eclipse.equinox.launcher\org.eclipse.equinox.launcher.win32.win32.x86_64_1.2.1300.v20250331-1702\eclipse_11911.dll
Event: 5.361 Loaded shared library C:\Users\21355\AppData\Local\Temp\jna-47686516\jna10739042634934340753.dll

Deoptimization events (20 events):
Event: 5.592 Thread 0x00000275f5c13750 Uncommon trap: trap_request=0xffffff45 fr.pc=0x00000275a924a854 relative=0x0000000000000b94
Event: 5.592 Thread 0x00000275f5c13750 Uncommon trap: reason=unstable_if action=reinterpret pc=0x00000275a924a854 method=jdk.internal.org.objectweb.asm.Frame.execute(IILjdk/internal/org/objectweb/asm/Symbol;Ljdk/internal/org/objectweb/asm/SymbolTable;)V @ 1 c2
Event: 5.592 Thread 0x00000275f5c13750 DEOPT PACKING pc=0x00000275a924a854 sp=0x000000b76def7c50
Event: 5.592 Thread 0x00000275f5c13750 DEOPT UNPACKING pc=0x00000275a8c16da2 sp=0x000000b76def7bd8 mode 2
Event: 5.625 Thread 0x00000275f5c13750 Uncommon trap: trap_request=0xffffffde fr.pc=0x00000275a9252794 relative=0x00000000000003b4
Event: 5.625 Thread 0x00000275f5c13750 Uncommon trap: reason=class_check action=maybe_recompile pc=0x00000275a9252794 method=java.util.regex.Pattern$BmpCharPropertyGreedy.match(Ljava/util/regex/Matcher;ILjava/lang/CharSequence;)Z @ 70 c2
Event: 5.625 Thread 0x00000275f5c13750 DEOPT PACKING pc=0x00000275a9252794 sp=0x000000b76def3020
Event: 5.625 Thread 0x00000275f5c13750 DEOPT UNPACKING pc=0x00000275a8c16da2 sp=0x000000b76def2fc8 mode 2
Event: 5.625 Thread 0x00000275f5c13750 Uncommon trap: trap_request=0xffffffde fr.pc=0x00000275a9252794 relative=0x00000000000003b4
Event: 5.625 Thread 0x00000275f5c13750 Uncommon trap: reason=class_check action=maybe_recompile pc=0x00000275a9252794 method=java.util.regex.Pattern$BmpCharPropertyGreedy.match(Ljava/util/regex/Matcher;ILjava/lang/CharSequence;)Z @ 70 c2
Event: 5.625 Thread 0x00000275f5c13750 DEOPT PACKING pc=0x00000275a9252794 sp=0x000000b76def2e70
Event: 5.625 Thread 0x00000275f5c13750 DEOPT UNPACKING pc=0x00000275a8c16da2 sp=0x000000b76def2e18 mode 2
Event: 5.625 Thread 0x00000275f5c13750 Uncommon trap: trap_request=0xffffffde fr.pc=0x00000275a9252794 relative=0x00000000000003b4
Event: 5.625 Thread 0x00000275f5c13750 Uncommon trap: reason=class_check action=maybe_recompile pc=0x00000275a9252794 method=java.util.regex.Pattern$BmpCharPropertyGreedy.match(Ljava/util/regex/Matcher;ILjava/lang/CharSequence;)Z @ 70 c2
Event: 5.625 Thread 0x00000275f5c13750 DEOPT PACKING pc=0x00000275a9252794 sp=0x000000b76def3030
Event: 5.625 Thread 0x00000275f5c13750 DEOPT UNPACKING pc=0x00000275a8c16da2 sp=0x000000b76def2fd8 mode 2
Event: 5.625 Thread 0x00000275f5c13750 Uncommon trap: trap_request=0xffffffde fr.pc=0x00000275a9252794 relative=0x00000000000003b4
Event: 5.625 Thread 0x00000275f5c13750 Uncommon trap: reason=class_check action=maybe_recompile pc=0x00000275a9252794 method=java.util.regex.Pattern$BmpCharPropertyGreedy.match(Ljava/util/regex/Matcher;ILjava/lang/CharSequence;)Z @ 70 c2
Event: 5.625 Thread 0x00000275f5c13750 DEOPT PACKING pc=0x00000275a9252794 sp=0x000000b76def2e80
Event: 5.625 Thread 0x00000275f5c13750 DEOPT UNPACKING pc=0x00000275a8c16da2 sp=0x000000b76def2e28 mode 2

Classes loaded (20 events):
Event: 5.617 Loading class java/util/zip/GZIPOutputStream
Event: 5.617 Loading class java/util/zip/GZIPOutputStream done
Event: 5.619 Loading class java/util/zip/GZIPInputStream
Event: 5.619 Loading class java/util/zip/GZIPInputStream done
Event: 5.647 Loading class java/io/StringReader
Event: 5.647 Loading class java/io/StringReader done
Event: 5.657 Loading class java/net/SocketTimeoutException
Event: 5.657 Loading class java/io/InterruptedIOException
Event: 5.657 Loading class java/io/InterruptedIOException done
Event: 5.657 Loading class java/net/SocketTimeoutException done
Event: 5.657 Loading class java/net/SocketException
Event: 5.657 Loading class java/net/SocketException done
Event: 5.658 Loading class java/net/UnknownHostException
Event: 5.658 Loading class java/net/UnknownHostException done
Event: 5.658 Loading class java/net/ProtocolException
Event: 5.658 Loading class java/net/ProtocolException done
Event: 5.681 Loading class java/lang/ThreadLocal$SuppliedThreadLocal
Event: 5.681 Loading class java/lang/ThreadLocal$SuppliedThreadLocal done
Event: 5.693 Loading class java/io/FileWriter
Event: 5.693 Loading class java/io/FileWriter done

Classes unloaded (0 events):
No events

Classes redefined (0 events):
No events

Internal exceptions (20 events):
Event: 5.032 Thread 0x00000275f5c13750 Exception <a 'java/lang/NoSuchMethodError'{0x00000000eb3b4de0}: 'java.lang.Object java.lang.invoke.DirectMethodHandle$Holder.invokeStaticInit(java.lang.Object, int)'> (0x00000000eb3b4de0) 
thrown [s\src\hotspot\share\interpreter\linkResolver.cpp, line 773]
Event: 5.110 Thread 0x00000275f5c13750 Exception <a 'java/lang/NoSuchMethodError'{0x00000000eb673538}: 'java.lang.Object java.lang.invoke.DirectMethodHandle$Holder.invokeStaticInit(java.lang.Object, int, int, int, int)'> (0x00000000eb673538) 
thrown [s\src\hotspot\share\interpreter\linkResolver.cpp, line 773]
Event: 5.277 Thread 0x00000275f5c13750 Exception <a 'java/lang/NoSuchMethodError'{0x00000000eb7db058}: 'java.lang.Object java.lang.invoke.DirectMethodHandle$Holder.invokeStaticInit(java.lang.Object, java.lang.Object, int, int, int, int)'> (0x00000000eb7db058) 
thrown [s\src\hotspot\share\interpreter\linkResolver.cpp, line 773]
Event: 5.383 Thread 0x00000275f5c13750 Exception <a 'java/lang/NoSuchMethodError'{0x00000000eb8ddd58}: 'void java.lang.invoke.DirectMethodHandle$Holder.invokeSpecial(java.lang.Object, java.lang.Object, java.lang.Object, int)'> (0x00000000eb8ddd58) 
thrown [s\src\hotspot\share\interpreter\linkResolver.cpp, line 773]
Event: 5.383 Thread 0x00000275f5c13750 Exception <a 'java/lang/NoSuchMethodError'{0x00000000eb8e16e8}: 'void java.lang.invoke.DelegatingMethodHandle$Holder.reinvoke_L(java.lang.Object, java.lang.Object, int)'> (0x00000000eb8e16e8) 
thrown [s\src\hotspot\share\interpreter\linkResolver.cpp, line 773]
Event: 5.384 Thread 0x00000275f5c13750 Exception <a 'java/lang/NoSuchMethodError'{0x00000000eb8e83d0}: 'int java.lang.invoke.Invokers$Holder.invokeExact_MT(java.lang.Object, java.lang.Object, java.lang.Object)'> (0x00000000eb8e83d0) 
thrown [s\src\hotspot\share\interpreter\linkResolver.cpp, line 773]
Event: 5.410 Thread 0x00000275f5c13750 Exception <a 'java/lang/NoSuchMethodError'{0x00000000eb9f7a40}: 'void java.lang.invoke.Invokers$Holder.invokeExact_MT(java.lang.Object, java.lang.Object, int, java.lang.Object)'> (0x00000000eb9f7a40) 
thrown [s\src\hotspot\share\interpreter\linkResolver.cpp, line 773]
Event: 5.455 Thread 0x00000275f5c13750 Exception <a 'java/lang/NoSuchMethodError'{0x00000000ebaee450}: 'java.lang.Object java.lang.invoke.DirectMethodHandle$Holder.invokeSpecial(java.lang.Object, java.lang.Object, java.lang.Object, long, java.lang.Object)'> (0x00000000ebaee450) 
thrown [s\src\hotspot\share\interpreter\linkResolver.cpp, line 773]
Event: 5.456 Thread 0x00000275f5c13750 Exception <a 'java/lang/NoSuchMethodError'{0x00000000ebaf5be0}: 'java.lang.Object java.lang.invoke.DirectMethodHandle$Holder.newInvokeSpecial(java.lang.Object, java.lang.Object, java.lang.Object, long)'> (0x00000000ebaf5be0) 
thrown [s\src\hotspot\share\interpreter\linkResolver.cpp, line 773]
Event: 5.457 Thread 0x00000275f5c13750 Exception <a 'java/lang/NoSuchMethodError'{0x00000000ebaf9a40}: 'java.lang.Object java.lang.invoke.Invokers$Holder.linkToTargetMethod(java.lang.Object, java.lang.Object, long, java.lang.Object)'> (0x00000000ebaf9a40) 
thrown [s\src\hotspot\share\interpreter\linkResolver.cpp, line 773]
Event: 5.473 Thread 0x00000275f5c13750 Exception <a 'java/lang/NoSuchMethodError'{0x00000000ebb6af90}: 'int java.lang.invoke.DirectMethodHandle$Holder.invokeStaticInit(java.lang.Object, java.lang.Object, java.lang.Object)'> (0x00000000ebb6af90) 
thrown [s\src\hotspot\share\interpreter\linkResolver.cpp, line 773]
Event: 5.484 Thread 0x00000275f5c13750 Exception <a 'java/lang/IncompatibleClassChangeError'{0x00000000ebbec6d0}: Found class java.lang.Object, but interface was expected> (0x00000000ebbec6d0) 
thrown [s\src\hotspot\share\interpreter\linkResolver.cpp, line 840]
Event: 5.489 Thread 0x00000275f5c13750 Exception <a 'java/lang/NoSuchMethodError'{0x00000000ebbfede0}: 'java.lang.Object java.lang.invoke.DirectMethodHandle$Holder.invokeSpecial(java.lang.Object, java.lang.Object, java.lang.Object, int, java.lang.Object, java.lang.Object)'> (0x00000000ebbfede0) 
thrown [s\src\hotspot\share\interpreter\linkResolver.cpp, line 773]
Event: 5.489 Thread 0x00000275f5c13750 Exception <a 'java/lang/NoSuchMethodError'{0x00000000ebc06678}: 'java.lang.Object java.lang.invoke.DirectMethodHandle$Holder.newInvokeSpecial(java.lang.Object, java.lang.Object, java.lang.Object, int, java.lang.Object)'> (0x00000000ebc06678) 
thrown [s\src\hotspot\share\interpreter\linkResolver.cpp, line 773]
Event: 5.490 Thread 0x00000275f5c13750 Exception <a 'java/lang/NoSuchMethodError'{0x00000000ebc0a168}: 'java.lang.Object java.lang.invoke.Invokers$Holder.linkToTargetMethod(java.lang.Object, java.lang.Object, int, java.lang.Object, java.lang.Object)'> (0x00000000ebc0a168) 
thrown [s\src\hotspot\share\interpreter\linkResolver.cpp, line 773]
Event: 5.491 Thread 0x00000275fa120f60 Exception <a 'java/lang/NoSuchMethodError'{0x00000000ebb4af48}: 'java.lang.Object java.lang.invoke.DirectMethodHandle$Holder.invokeSpecial(java.lang.Object, java.lang.Object, int, java.lang.Object, java.lang.Object)'> (0x00000000ebb4af48) 
thrown [s\src\hotspot\share\interpreter\linkResolver.cpp, line 773]
Event: 5.492 Thread 0x00000275fa120f60 Exception <a 'java/lang/NoSuchMethodError'{0x00000000ebb51c80}: 'java.lang.Object java.lang.invoke.DirectMethodHandle$Holder.newInvokeSpecial(java.lang.Object, java.lang.Object, int, java.lang.Object)'> (0x00000000ebb51c80) 
thrown [s\src\hotspot\share\interpreter\linkResolver.cpp, line 773]
Event: 5.522 Thread 0x00000275f5c13750 Exception <a 'java/lang/NoSuchMethodError'{0x00000000ebd0f900}: 'void java.lang.invoke.DirectMethodHandle$Holder.invokeSpecial(java.lang.Object, java.lang.Object, java.lang.Object, java.lang.Object, java.lang.Object)'> (0x00000000ebd0f900) 
thrown [s\src\hotspot\share\interpreter\linkResolver.cpp, line 773]
Event: 5.592 Thread 0x00000275f5c13750 Exception <a 'java/lang/NoSuchMethodError'{0x00000000ebf48260}: 'double java.lang.invoke.DirectMethodHandle$Holder.invokeStatic(java.lang.Object, java.lang.Object)'> (0x00000000ebf48260) 
thrown [s\src\hotspot\share\interpreter\linkResolver.cpp, line 773]
Event: 5.592 Thread 0x00000275f5c13750 Exception <a 'java/lang/NoSuchMethodError'{0x00000000ebf4b920}: 'double java.lang.invoke.DirectMethodHandle$Holder.invokeStaticInit(java.lang.Object, java.lang.Object)'> (0x00000000ebf4b920) 
thrown [s\src\hotspot\share\interpreter\linkResolver.cpp, line 773]

ZGC Phase Switch (0 events):
No events

VM Operations (20 events):
Event: 3.902 Executing VM operation: Cleanup done
Event: 4.130 Executing VM operation: ParallelGCFailedAllocation (Allocation Failure)
Event: 4.137 Executing VM operation: ParallelGCFailedAllocation (Allocation Failure) done
Event: 4.184 Executing VM operation: HandshakeAllThreads (Deoptimize)
Event: 4.292 Executing VM operation: HandshakeAllThreads (Deoptimize) done
Event: 4.394 Executing VM operation: HandshakeAllThreads (Deoptimize)
Event: 4.394 Executing VM operation: HandshakeAllThreads (Deoptimize) done
Event: 4.628 Executing VM operation: HandshakeAllThreads (Deoptimize)
Event: 4.629 Executing VM operation: HandshakeAllThreads (Deoptimize) done
Event: 4.797 Executing VM operation: ParallelGCFailedAllocation (Allocation Failure)
Event: 4.806 Executing VM operation: ParallelGCFailedAllocation (Allocation Failure) done
Event: 4.885 Executing VM operation: HandshakeAllThreads (Deoptimize)
Event: 4.885 Executing VM operation: HandshakeAllThreads (Deoptimize) done
Event: 4.891 Executing VM operation: HandshakeAllThreads (Deoptimize)
Event: 4.892 Executing VM operation: HandshakeAllThreads (Deoptimize) done
Event: 4.911 Executing VM operation: HandshakeAllThreads (Deoptimize)
Event: 4.911 Executing VM operation: HandshakeAllThreads (Deoptimize) done
Event: 5.369 Executing VM operation: HandshakeAllThreads (Deoptimize)
Event: 5.369 Executing VM operation: HandshakeAllThreads (Deoptimize) done
Event: 5.696 Executing VM operation: ParallelGCFailedAllocation (Allocation Failure)

Memory protections (0 events):
No events

Nmethod flushes (0 events):
No events

Events (20 events):
Event: 0.085 Thread 0x000002759e4a04a0 Thread added: 0x00000275b285aa40
Event: 0.085 Thread 0x000002759e4a04a0 Thread added: 0x00000275b285d880
Event: 0.086 Thread 0x000002759e4a04a0 Thread added: 0x00000275b28851a0
Event: 0.121 Thread 0x000002759e4a04a0 Thread added: 0x000002759e50cbb0
Event: 0.632 Thread 0x00000275b28851a0 Thread added: 0x00000275f53b0950
Event: 1.035 Thread 0x00000275f53b0950 Thread exited: 0x00000275f53b0950
Event: 1.137 Thread 0x000002759e4a04a0 Thread added: 0x00000275f55d2020
Event: 1.371 Thread 0x00000275b28851a0 Thread added: 0x00000275f56273d0
Event: 2.198 Thread 0x00000275f56273d0 Thread exited: 0x00000275f56273d0
Event: 2.872 Thread 0x000002759e4a04a0 Thread added: 0x00000275f5bebe60
Event: 4.040 Thread 0x000002759e4a04a0 Thread added: 0x00000275f5c130f0
Event: 4.047 Thread 0x000002759e4a04a0 Thread added: 0x00000275f5c13750
Event: 4.143 Thread 0x00000275f5c13750 Thread added: 0x00000275f5d23850
Event: 4.383 Thread 0x00000275f5c13750 Thread added: 0x00000275fa008fd0
Event: 4.467 Thread 0x00000275b28851a0 Thread added: 0x00000275f5d90060
Event: 4.671 Thread 0x00000275f5c13750 Thread added: 0x00000275f5ab36c0
Event: 5.048 Thread 0x00000275f5d90060 Thread exited: 0x00000275f5d90060
Event: 5.391 Thread 0x00000275f5c13750 Thread added: 0x00000275fa3568b0
Event: 5.462 Thread 0x00000275f5c13750 Thread added: 0x00000275fa120f60
Event: 5.491 Thread 0x00000275f5c13750 Thread added: 0x00000275fa3e54f0


Dynamic libraries:
0x00007ff79ebb0000 - 0x00007ff79ebbe000 	c:\Users\21355\.vscode\extensions\redhat.java-1.42.0-win32-x64\jre\21.0.7-win32-x86_64\bin\java.exe
0x00007fffd0350000 - 0x00007fffd0567000 	C:\WINDOWS\SYSTEM32\ntdll.dll
0x00007fffce660000 - 0x00007fffce724000 	C:\WINDOWS\System32\KERNEL32.DLL
0x00007fffcd6a0000 - 0x00007fffcda73000 	C:\WINDOWS\System32\KERNELBASE.dll
0x00007fffcdbb0000 - 0x00007fffcdcc1000 	C:\WINDOWS\System32\ucrtbase.dll
0x00007fffb2c50000 - 0x00007fffb2c6e000 	c:\Users\21355\.vscode\extensions\redhat.java-1.42.0-win32-x64\jre\21.0.7-win32-x86_64\bin\VCRUNTIME140.dll
0x00007fffb2c70000 - 0x00007fffb2c88000 	c:\Users\21355\.vscode\extensions\redhat.java-1.42.0-win32-x64\jre\21.0.7-win32-x86_64\bin\jli.dll
0x00007fffce4a0000 - 0x00007fffce651000 	C:\WINDOWS\System32\USER32.dll
0x00007fffbdd80000 - 0x00007fffbe01b000 	C:\WINDOWS\WinSxS\amd64_microsoft.windows.common-controls_6595b64144ccf1df_6.0.22621.5262_none_2712bde373830908\COMCTL32.dll
0x00007fffcdcd0000 - 0x00007fffcdcf6000 	C:\WINDOWS\System32\win32u.dll
0x00007fffcf1e0000 - 0x00007fffcf209000 	C:\WINDOWS\System32\GDI32.dll
0x00007fffcf990000 - 0x00007fffcfa37000 	C:\WINDOWS\System32\msvcrt.dll
0x00007fffcda80000 - 0x00007fffcdba2000 	C:\WINDOWS\System32\gdi32full.dll
0x00007fffcd600000 - 0x00007fffcd69a000 	C:\WINDOWS\System32\msvcp_win.dll
0x00007fffce900000 - 0x00007fffce931000 	C:\WINDOWS\System32\IMM32.DLL
0x00007fffb1870000 - 0x00007fffb187c000 	c:\Users\21355\.vscode\extensions\redhat.java-1.42.0-win32-x64\jre\21.0.7-win32-x86_64\bin\vcruntime140_1.dll
0x00007fff5c390000 - 0x00007fff5c41d000 	c:\Users\21355\.vscode\extensions\redhat.java-1.42.0-win32-x64\jre\21.0.7-win32-x86_64\bin\msvcp140.dll
0x00007fff59480000 - 0x00007fff5a210000 	c:\Users\21355\.vscode\extensions\redhat.java-1.42.0-win32-x64\jre\21.0.7-win32-x86_64\bin\server\jvm.dll
0x00007fffcfd20000 - 0x00007fffcfdd1000 	C:\WINDOWS\System32\ADVAPI32.dll
0x00007fffcdfb0000 - 0x00007fffce057000 	C:\WINDOWS\System32\sechost.dll
0x00007fffcd5d0000 - 0x00007fffcd5f8000 	C:\WINDOWS\System32\bcrypt.dll
0x00007fffcf480000 - 0x00007fffcf594000 	C:\WINDOWS\System32\RPCRT4.dll
0x00007fffcf830000 - 0x00007fffcf8a1000 	C:\WINDOWS\System32\WS2_32.dll
0x00007fffcd130000 - 0x00007fffcd17d000 	C:\WINDOWS\SYSTEM32\POWRPROF.dll
0x00007fffc0860000 - 0x00007fffc0894000 	C:\WINDOWS\SYSTEM32\WINMM.dll
0x00007fffc07b0000 - 0x00007fffc07ba000 	C:\WINDOWS\SYSTEM32\VERSION.dll
0x00007fffcd110000 - 0x00007fffcd123000 	C:\WINDOWS\SYSTEM32\UMPDC.dll
0x00007fffcc370000 - 0x00007fffcc388000 	C:\WINDOWS\SYSTEM32\kernel.appcore.dll
0x00007fffb1860000 - 0x00007fffb186a000 	c:\Users\21355\.vscode\extensions\redhat.java-1.42.0-win32-x64\jre\21.0.7-win32-x86_64\bin\jimage.dll
0x00007fffca4e0000 - 0x00007fffca712000 	C:\WINDOWS\SYSTEM32\DBGHELP.DLL
0x00007fffce070000 - 0x00007fffce403000 	C:\WINDOWS\System32\combase.dll
0x00007fffcf8b0000 - 0x00007fffcf987000 	C:\WINDOWS\System32\OLEAUT32.dll
0x00007fffbbaa0000 - 0x00007fffbbad2000 	C:\WINDOWS\SYSTEM32\dbgcore.DLL
0x00007fffcd550000 - 0x00007fffcd5cb000 	C:\WINDOWS\System32\bcryptPrimitives.dll
0x00007fffb1850000 - 0x00007fffb185f000 	c:\Users\21355\.vscode\extensions\redhat.java-1.42.0-win32-x64\jre\21.0.7-win32-x86_64\bin\instrument.dll
0x00007fff96220000 - 0x00007fff9623f000 	c:\Users\21355\.vscode\extensions\redhat.java-1.42.0-win32-x64\jre\21.0.7-win32-x86_64\bin\java.dll
0x00007fffce940000 - 0x00007fffcf1dd000 	C:\WINDOWS\System32\SHELL32.dll
0x00007fffcde70000 - 0x00007fffcdfaf000 	C:\WINDOWS\System32\wintypes.dll
0x00007fffcb300000 - 0x00007fffcbc1d000 	C:\WINDOWS\SYSTEM32\windows.storage.dll
0x00007fffcf370000 - 0x00007fffcf47b000 	C:\WINDOWS\System32\SHCORE.dll
0x00007fffd0270000 - 0x00007fffd02d6000 	C:\WINDOWS\System32\shlwapi.dll
0x00007fffcd340000 - 0x00007fffcd36b000 	C:\WINDOWS\SYSTEM32\profapi.dll
0x00007fff5d070000 - 0x00007fff5d088000 	c:\Users\21355\.vscode\extensions\redhat.java-1.42.0-win32-x64\jre\21.0.7-win32-x86_64\bin\zip.dll
0x00007fffab300000 - 0x00007fffab310000 	C:\Users\21355\.vscode\extensions\redhat.java-1.42.0-win32-x64\jre\21.0.7-win32-x86_64\bin\net.dll
0x00007fffc31f0000 - 0x00007fffc331c000 	C:\WINDOWS\SYSTEM32\WINHTTP.dll
0x00007fffcc880000 - 0x00007fffcc8ea000 	C:\WINDOWS\system32\mswsock.dll
0x00007fff5c370000 - 0x00007fff5c386000 	C:\Users\21355\.vscode\extensions\redhat.java-1.42.0-win32-x64\jre\21.0.7-win32-x86_64\bin\nio.dll
0x00007fffa6930000 - 0x00007fffa6940000 	c:\Users\21355\.vscode\extensions\redhat.java-1.42.0-win32-x64\jre\21.0.7-win32-x86_64\bin\verify.dll
0x00007fffa6340000 - 0x00007fffa6385000 	C:\Users\21355\AppData\Roaming\Code\User\globalStorage\redhat.java\1.42.0\config_ss_win\org.eclipse.equinox.launcher\org.eclipse.equinox.launcher.win32.win32.x86_64_1.2.1300.v20250331-1702\eclipse_11911.dll
0x00007fffcfa40000 - 0x00007fffcfbe1000 	C:\WINDOWS\System32\ole32.dll
0x00007fffccbd0000 - 0x00007fffccbeb000 	C:\WINDOWS\SYSTEM32\CRYPTSP.dll
0x00007fffcc390000 - 0x00007fffcc3c7000 	C:\WINDOWS\system32\rsaenh.dll
0x00007fffcc920000 - 0x00007fffcc948000 	C:\WINDOWS\SYSTEM32\USERENV.dll
0x00007fffccbb0000 - 0x00007fffccbbc000 	C:\WINDOWS\SYSTEM32\CRYPTBASE.dll
0x00007fffcbe70000 - 0x00007fffcbe9d000 	C:\WINDOWS\SYSTEM32\IPHLPAPI.DLL
0x00007fffcf5c0000 - 0x00007fffcf5c9000 	C:\WINDOWS\System32\NSI.dll
0x00007fffa6120000 - 0x00007fffa6169000 	C:\Users\21355\AppData\Local\Temp\jna-47686516\jna10739042634934340753.dll
0x00007fffcfbf0000 - 0x00007fffcfbf8000 	C:\WINDOWS\System32\PSAPI.DLL

dbghelp: loaded successfully - version: 4.0.5 - missing functions: none
symbol engine: initialized successfully - sym options: 0x614 - pdb path: .;c:\Users\21355\.vscode\extensions\redhat.java-1.42.0-win32-x64\jre\21.0.7-win32-x86_64\bin;C:\WINDOWS\SYSTEM32;C:\WINDOWS\WinSxS\amd64_microsoft.windows.common-controls_6595b64144ccf1df_6.0.22621.5262_none_2712bde373830908;c:\Users\21355\.vscode\extensions\redhat.java-1.42.0-win32-x64\jre\21.0.7-win32-x86_64\bin\server;C:\Users\21355\AppData\Roaming\Code\User\globalStorage\redhat.java\1.42.0\config_ss_win\org.eclipse.equinox.launcher\org.eclipse.equinox.launcher.win32.win32.x86_64_1.2.1300.v20250331-1702;C:\Users\21355\AppData\Local\Temp\jna-47686516

VM Arguments:
jvm_args: --add-modules=ALL-SYSTEM --add-opens=java.base/java.util=ALL-UNNAMED --add-opens=java.base/java.lang=ALL-UNNAMED --add-opens=java.base/sun.nio.fs=ALL-UNNAMED -Declipse.application=org.eclipse.jdt.ls.core.id1 -Dosgi.bundles.defaultStartLevel=4 -Declipse.product=org.eclipse.jdt.ls.core.product -Djava.import.generatesMetadataFilesAtProjectRoot=false -DDetectVMInstallationsJob.disabled=true -Dfile.encoding=utf8 -XX:+UseParallelGC -XX:GCTimeRatio=4 -XX:AdaptiveSizePolicyWeight=90 -Dsun.zip.disableMemoryMapping=true -Xmx1G -Xms100m -Xlog:disable -javaagent:c:\Users\21355\.vscode\extensions\redhat.java-1.42.0-win32-x64\lombok\lombok-1.18.36.jar 
java_command: c:\Users\21355\.vscode\extensions\redhat.java-1.42.0-win32-x64\server\plugins\org.eclipse.equinox.launcher_1.7.0.v20250424-1814.jar -configuration c:\Users\21355\AppData\Roaming\Code\User\globalStorage\redhat.java\1.42.0\config_ss_win -data c:\Users\21355\AppData\Roaming\Code\User\workspaceStorage\ccb18cf87925110d0de6d8524cb8304c\redhat.java\ss_ws --pipe=\\.\pipe\lsp-6f024ace4e7d471b5e6fde204a4b4448-sock
java_class_path (initial): c:\Users\21355\.vscode\extensions\redhat.java-1.42.0-win32-x64\server\plugins\org.eclipse.equinox.launcher_1.7.0.v20250424-1814.jar
Launcher Type: SUN_STANDARD

[Global flags]
    uintx AdaptiveSizePolicyWeight                 = 90                                        {product} {command line}
     intx CICompilerCount                          = 4                                         {product} {ergonomic}
    uintx GCTimeRatio                              = 4                                         {product} {command line}
   size_t InitialHeapSize                          = 104857600                                 {product} {command line}
   size_t MaxHeapSize                              = 1073741824                                {product} {command line}
   size_t MaxNewSize                               = 357564416                                 {product} {ergonomic}
   size_t MinHeapDeltaBytes                        = 524288                                    {product} {ergonomic}
   size_t MinHeapSize                              = 104857600                                 {product} {command line}
   size_t NewSize                                  = 34603008                                  {product} {ergonomic}
    uintx NonNMethodCodeHeapSize                   = 5839372                                {pd product} {ergonomic}
    uintx NonProfiledCodeHeapSize                  = 122909434                              {pd product} {ergonomic}
   size_t OldSize                                  = 70254592                                  {product} {ergonomic}
    uintx ProfiledCodeHeapSize                     = 122909434                              {pd product} {ergonomic}
    uintx ReservedCodeCacheSize                    = 251658240                              {pd product} {ergonomic}
     bool SegmentedCodeCache                       = true                                      {product} {ergonomic}
   size_t SoftMaxHeapSize                          = 1073741824                             {manageable} {ergonomic}
     bool UseCompressedOops                        = true                           {product lp64_product} {ergonomic}
     bool UseLargePagesIndividualAllocation        = false                                  {pd product} {ergonomic}
     bool UseParallelGC                            = true                                      {product} {command line}

Logging:
Log output configuration:
 #0: stdout all=off uptime,level,tags foldmultilines=false
 #1: stderr all=off uptime,level,tags foldmultilines=false

Environment Variables:
JAVA_HOME=C:\Program Files\Java\jdk-24
PATH=C:\Program Files\Common Files\Oracle\Java\javapath;C:\Program Files\Python313\Scripts\;C:\Program Files\Python313\;C:\Program Files (x86)\Common Files\Oracle\Java\java8path;C:\Program Files (x86)\Common Files\Oracle\Java\javapath;C:\oraclexe\app\oracle\product\11.2.0\server\bin;C:\Program Files (x86)\Common Files\Intel\Shared Libraries\redist\intel64\compiler;C:\WINDOWS\system32;C:\WINDOWS;C:\WINDOWS\System32\Wbem;C:\WINDOWS\System32\WindowsPowerShell\v1.0\;C:\WINDOWS\System32\OpenSSH\;C:\Program Files\dotnet\;C:\Program Files (x86)\dotnet\;C:\Program Files (x86)\Windows Kits\10\Windows Performance Toolkit\;C:\Users\21355\Downloads\platform-tools_r35.0.0-windows\platform-tools;C:\Program Files (x86)\Git\cmd;C:\Program Files (x86)\PuTTY\;C:\Windows\System32;C:\Program Files\Java\jdk-24\bin;C:\Users\21355\Downloads\kotlin-compiler-2.1.0\kotlinc\bin;C:\Program Files (x86)\BaseX\bin;C:\Program Files\nodejs\;C:\ProgramData\chocolatey\bin;C:\Program Files\Java\jdk-24\bin;C:\Program Files\Docker\Docker\resources\bin;C:\Users\21355\AppData\Local\Programs\Python\Python312\Scripts\;C:\Users\21355\AppData\Local\Programs\Python\Python312\;C:\Users\21355\AppData\Local\Programs\Python\Launcher\;C:\Users\21355\AppData\Local\Microsoft\WindowsApps;C:\Microsoft VS Code\bin;C:\Users\21355\Downloads\flutter_windows_3.7.5-stable\flutter\bin;C:\src\flutter\bin;C:\Program Files\nodejs\;C:\flutter\bin;C:\Program Files\JetBrains\IntelliJ IDEA 2024.2.3\bin;;C:\Users\21355\AppData\Local\Muse Hub\lib;C:\Users\21355\Downloads\kotlin-compiler-2.1.0\kotlinc\bin;C:\Users\21355\AppData\Roaming\npm;C:\Users\21355\Downloads\apache-maven-3.9.6-bin\apache-maven-3.9.6\bin;C:\Users\21355\Downloads\apache-maven-3.9.10-bin\apache-maven-3.9.10\bin;
USERNAME=21355
OS=Windows_NT
PROCESSOR_IDENTIFIER=Intel64 Family 6 Model 140 Stepping 1, GenuineIntel
TMP=C:\Users\21355\AppData\Local\Temp
TEMP=C:\Users\21355\AppData\Local\Temp




Periodic native trim disabled

---------------  S Y S T E M  ---------------

OS:
 Windows 11 , 64 bit Build 22621 (10.0.22621.5262)
OS uptime: 0 days 2:50 hours
Hyper-V role detected

CPU: total 8 (initial active 8) (4 cores per cpu, 2 threads per core) family 6 model 140 stepping 1 microcode 0xbc, cx8, cmov, fxsr, ht, mmx, 3dnowpref, sse, sse2, sse3, ssse3, sse4.1, sse4.2, popcnt, lzcnt, tsc, tscinvbit, avx, avx2, aes, erms, clmul, bmi1, bmi2, adx, avx512f, avx512dq, avx512cd, avx512bw, avx512vl, sha, fma, vzeroupper, avx512_vpopcntdq, avx512_vpclmulqdq, avx512_vaes, avx512_vnni, clflush, clflushopt, clwb, avx512_vbmi2, avx512_vbmi, hv, rdtscp, rdpid, fsrm, gfni, avx512_bitalg, f16c, cet_ibt, cet_ss, avx512_ifma
Processor Information for the first 8 processors :
  Max Mhz: 1690, Current Mhz: 1690, Mhz Limit: 1690

Memory: 4k page, system-wide physical 7937M (333M free)
TotalPageFile size 24013M (AvailPageFile size 65M)
current process WorkingSet (physical memory assigned to process): 125M, peak: 125M
current process commit charge ("private bytes"): 231M, peak: 232M

vm_info: OpenJDK 64-Bit Server VM (21.0.7+6-LTS) for windows-amd64 JRE (21.0.7+6-LTS), built on 2025-04-15T00:00:00Z by "admin" with MS VC++ 17.7 (VS2022)

END.
