#
# There is insufficient memory for the Java Runtime Environment to continue.
# Native memory allocation (malloc) failed to allocate 1000336 bytes. Error detail: Chunk::new
# Possible reasons:
#   The system is out of physical RAM or swap space
#   This process is running with CompressedOops enabled, and the Java Heap may be blocking the growth of the native heap
# Possible solutions:
#   Reduce memory load on the system
#   Increase physical memory or swap space
#   Check if swap backing store is full
#   Decrease Java heap size (-Xmx/-Xms)
#   Decrease number of Java threads
#   Decrease Java thread stack sizes (-Xss)
#   Set larger code cache with -XX:ReservedCodeCacheSize=
#   JVM is running with Unscaled Compressed Oops mode in which the Java heap is
#     placed in the first 4GB address space. The Java Heap base address is the
#     maximum limit for the native heap growth. Please use -XX:HeapBaseMinAddress
#     to set the Java Heap base and to place the Java Heap above 4GB virtual address.
# This output file may be truncated or incomplete.
#
#  Out of Memory Error (arena.cpp:168), pid=27160, tid=9384
#
# JRE version: OpenJDK Runtime Environment Temurin-21.0.7+6 (21.0.7+6) (build 21.0.7+6-LTS)
# Java VM: OpenJDK 64-Bit Server VM Temurin-21.0.7+6 (21.0.7+6-LTS, mixed mode, sharing, tiered, compressed oops, compressed class ptrs, parallel gc, windows-amd64)
# No core dump will be written. Minidumps are not enabled by default on client versions of Windows
#

---------------  S U M M A R Y ------------

Command Line: --add-modules=ALL-SYSTEM --add-opens=java.base/java.util=ALL-UNNAMED --add-opens=java.base/java.lang=ALL-UNNAMED --add-opens=java.base/sun.nio.fs=ALL-UNNAMED -Declipse.application=org.eclipse.jdt.ls.core.id1 -Dosgi.bundles.defaultStartLevel=4 -Declipse.product=org.eclipse.jdt.ls.core.product -Djava.import.generatesMetadataFilesAtProjectRoot=false -DDetectVMInstallationsJob.disabled=true -Dfile.encoding=utf8 -XX:+UseParallelGC -XX:GCTimeRatio=4 -XX:AdaptiveSizePolicyWeight=90 -Dsun.zip.disableMemoryMapping=true -Xmx1G -Xms100m -Xlog:disable -javaagent:c:\Users\21355\.vscode\extensions\redhat.java-1.42.0-win32-x64\lombok\lombok-1.18.36.jar -XX:+HeapDumpOnOutOfMemoryError -XX:HeapDumpPath=c:\Users\21355\AppData\Roaming\Code\User\workspaceStorage\ccb18cf87925110d0de6d8524cb8304c\redhat.java -Daether.dependencyCollector.impl=bf c:\Users\21355\.vscode\extensions\redhat.java-1.42.0-win32-x64\server\plugins\org.eclipse.equinox.launcher_1.7.0.v20250424-1814.jar -configuration c:\Users\21355\AppData\Roaming\Code\User\globalStorage\redhat.java\1.42.0\config_win -data c:\Users\21355\AppData\Roaming\Code\User\workspaceStorage\ccb18cf87925110d0de6d8524cb8304c\redhat.java\jdt_ws --pipe=\\.\pipe\lsp-72ae639b788bbba1f8464156a9b3fff5-sock

Host: 11th Gen Intel(R) Core(TM) i7-1165G7 @ 2.80GHz, 8 cores, 7G,  Windows 11 , 64 bit Build 22621 (10.0.22621.5262)
Time: Sat Jun 14 16:53:34 2025 Afr. centrale Ouest elapsed time: 45.293779 seconds (0d 0h 0m 45s)

---------------  T H R E A D  ---------------

Current thread (0x000001872a40d150):  JavaThread "C2 CompilerThread0" daemon [_thread_in_native, id=9384, stack(0x0000001243300000,0x0000001243400000) (1024K)]


Current CompileTask:
C2:45293 14090       4       org.eclipse.jdt.internal.core.search.indexing.BinaryIndexer::extractReferenceFromConstantPool (358 bytes)

Stack: [0x0000001243300000,0x0000001243400000]
Native frames: (J=compiled Java code, j=interpreted, Vv=VM code, C=native code)
V  [jvm.dll+0x6ce119]
V  [jvm.dll+0x8a84a1]
V  [jvm.dll+0x8aa9ce]
V  [jvm.dll+0x8ab0b3]
V  [jvm.dll+0x27f8a6]
V  [jvm.dll+0xc507d]
V  [jvm.dll+0xc55b3]
V  [jvm.dll+0x2f2c6d]
V  [jvm.dll+0x5f6bca]
V  [jvm.dll+0x250cb2]
V  [jvm.dll+0x25106f]
V  [jvm.dll+0x249934]
V  [jvm.dll+0x246fc4]
V  [jvm.dll+0x1c760e]
V  [jvm.dll+0x25695a]
V  [jvm.dll+0x254efa]
V  [jvm.dll+0x3f03f6]
V  [jvm.dll+0x851f6b]
V  [jvm.dll+0x6cc7dd]
C  [ucrtbase.dll+0x29333]
C  [KERNEL32.DLL+0x1259d]
C  [ntdll.dll+0x5af58]


---------------  P R O C E S S  ---------------

Threads class SMR info:
_java_thread_list=0x000001877169dd70, length=61, elements={
0x00000187160511b0, 0x000001871610cd50, 0x000001872a404730, 0x000001872a406490,
0x000001872a4073a0, 0x000001872a409000, 0x000001872a40c3d0, 0x000001872a40d150,
0x000001872a410da0, 0x00000187710b5580, 0x0000018771323d80, 0x0000018771b1bdb0,
0x0000018771ef15c0, 0x0000018771e87140, 0x0000018771a0a060, 0x0000018771acd690,
0x0000018771fb1a50, 0x00000187721309c0, 0x000001877212fca0, 0x0000018772130330,
0x0000018772132a90, 0x00000187721316e0, 0x0000018772131050, 0x0000018772133120,
0x0000018772131d70, 0x0000018772132400, 0x0000018773361440, 0x00000187733627f0,
0x0000018773366990, 0x0000018773362e80, 0x0000018773360db0, 0x0000018773367020,
0x0000018773365c70, 0x0000018773360090, 0x0000018773363510, 0x0000018773366300,
0x0000018773364230, 0x0000018773361ad0, 0x0000018773364f50, 0x00000187733676b0,
0x0000018773360720, 0x00000187751fc6c0, 0x00000187751fe100, 0x00000187751f9240,
0x00000187751f98d0, 0x00000187751f9f60, 0x00000187751fb310, 0x00000187751fee20,
0x00000187751fcd50, 0x00000187751fb9a0, 0x00000187751fe790, 0x00000187752001d0,
0x0000018775200860, 0x00000187751fa5f0, 0x00000187751fd3e0, 0x00000187751fda70,
0x00000187751fc030, 0x00000187751ff4b0, 0x00000187751ffb40, 0x00000187759cdf30,
0x00000187759cd8a0
}

Java Threads: ( => current thread )
  0x00000187160511b0 JavaThread "main"                              [_thread_blocked, id=3936, stack(0x0000001242900000,0x0000001242a00000) (1024K)]
  0x000001871610cd50 JavaThread "Reference Handler"          daemon [_thread_blocked, id=22220, stack(0x0000001242d00000,0x0000001242e00000) (1024K)]
  0x000001872a404730 JavaThread "Finalizer"                  daemon [_thread_blocked, id=9208, stack(0x0000001242e00000,0x0000001242f00000) (1024K)]
  0x000001872a406490 JavaThread "Signal Dispatcher"          daemon [_thread_blocked, id=13640, stack(0x0000001242f00000,0x0000001243000000) (1024K)]
  0x000001872a4073a0 JavaThread "Attach Listener"            daemon [_thread_blocked, id=21964, stack(0x0000001243000000,0x0000001243100000) (1024K)]
  0x000001872a409000 JavaThread "Service Thread"             daemon [_thread_blocked, id=26692, stack(0x0000001243100000,0x0000001243200000) (1024K)]
  0x000001872a40c3d0 JavaThread "Monitor Deflation Thread"   daemon [_thread_blocked, id=18492, stack(0x0000001243200000,0x0000001243300000) (1024K)]
=>0x000001872a40d150 JavaThread "C2 CompilerThread0"         daemon [_thread_in_native, id=9384, stack(0x0000001243300000,0x0000001243400000) (1024K)]
  0x000001872a410da0 JavaThread "C1 CompilerThread0"         daemon [_thread_blocked, id=25996, stack(0x0000001243400000,0x0000001243500000) (1024K)]
  0x00000187710b5580 JavaThread "Common-Cleaner"             daemon [_thread_blocked, id=24448, stack(0x0000001243500000,0x0000001243600000) (1024K)]
  0x0000018771323d80 JavaThread "Notification Thread"        daemon [_thread_blocked, id=28848, stack(0x0000001243600000,0x0000001243700000) (1024K)]
  0x0000018771b1bdb0 JavaThread "Active Thread: Equinox Container: 7e38c8fb-e88f-407c-bf10-67ba54f5de4d"        [_thread_blocked, id=19108, stack(0x0000001243e00000,0x0000001243f00000) (1024K)]
  0x0000018771ef15c0 JavaThread "Refresh Thread: Equinox Container: 7e38c8fb-e88f-407c-bf10-67ba54f5de4d" daemon [_thread_blocked, id=28788, stack(0x0000001244000000,0x0000001244100000) (1024K)]
  0x0000018771e87140 JavaThread "Framework Event Dispatcher: Equinox Container: 7e38c8fb-e88f-407c-bf10-67ba54f5de4d" daemon [_thread_blocked, id=28696, stack(0x0000001244100000,0x0000001244200000) (1024K)]
  0x0000018771a0a060 JavaThread "Start Level: Equinox Container: 7e38c8fb-e88f-407c-bf10-67ba54f5de4d" daemon [_thread_blocked, id=28880, stack(0x0000001244200000,0x0000001244300000) (1024K)]
  0x0000018771acd690 JavaThread "Bundle File Closer"         daemon [_thread_blocked, id=29476, stack(0x0000001244300000,0x0000001244400000) (1024K)]
  0x0000018771fb1a50 JavaThread "SCR Component Actor"        daemon [_thread_blocked, id=29372, stack(0x0000001244400000,0x0000001244500000) (1024K)]
  0x00000187721309c0 JavaThread "Worker-JM"                         [_thread_blocked, id=29380, stack(0x0000001244600000,0x0000001244700000) (1024K)]
  0x000001877212fca0 JavaThread "JNA Cleaner"                daemon [_thread_blocked, id=29512, stack(0x0000001244700000,0x0000001244800000) (1024K)]
  0x0000018772130330 JavaThread "Worker-0"                          [_thread_blocked, id=29484, stack(0x0000001244800000,0x0000001244900000) (1024K)]
  0x0000018772132a90 JavaThread "Worker-1"                          [_thread_blocked, id=29528, stack(0x0000001244900000,0x0000001244a00000) (1024K)]
  0x00000187721316e0 JavaThread "Java indexing"              daemon [_thread_in_Java, id=11960, stack(0x0000001244a00000,0x0000001244b00000) (1024K)]
  0x0000018772131050 JavaThread "Worker-2: Java indexing... "        [_thread_blocked, id=28744, stack(0x0000001244b00000,0x0000001244c00000) (1024K)]
  0x0000018772133120 JavaThread "Worker-3: Initialize Workspace"        [_thread_blocked, id=29664, stack(0x0000001244e00000,0x0000001244f00000) (1024K)]
  0x0000018772131d70 JavaThread "Worker-4"                          [_thread_blocked, id=29412, stack(0x0000001244f00000,0x0000001245000000) (1024K)]
  0x0000018772132400 JavaThread "Thread-2"                   daemon [_thread_in_native, id=29580, stack(0x0000001245000000,0x0000001245100000) (1024K)]
  0x0000018773361440 JavaThread "Thread-3"                   daemon [_thread_in_native, id=29604, stack(0x0000001245100000,0x0000001245200000) (1024K)]
  0x00000187733627f0 JavaThread "Thread-4"                   daemon [_thread_in_native, id=29572, stack(0x0000001245200000,0x0000001245300000) (1024K)]
  0x0000018773366990 JavaThread "Thread-5"                   daemon [_thread_in_native, id=29576, stack(0x0000001245300000,0x0000001245400000) (1024K)]
  0x0000018773362e80 JavaThread "Thread-6"                   daemon [_thread_in_native, id=29596, stack(0x0000001245400000,0x0000001245500000) (1024K)]
  0x0000018773360db0 JavaThread "Thread-7"                   daemon [_thread_in_native, id=29556, stack(0x0000001245500000,0x0000001245600000) (1024K)]
  0x0000018773367020 JavaThread "Thread-8"                   daemon [_thread_in_native, id=28916, stack(0x0000001245600000,0x0000001245700000) (1024K)]
  0x0000018773365c70 JavaThread "Thread-9"                   daemon [_thread_in_native, id=22156, stack(0x0000001245700000,0x0000001245800000) (1024K)]
  0x0000018773360090 JavaThread "Thread-10"                  daemon [_thread_in_native, id=27804, stack(0x0000001245800000,0x0000001245900000) (1024K)]
  0x0000018773363510 JavaThread "pool-2-thread-1"                   [_thread_blocked, id=23684, stack(0x0000001245900000,0x0000001245a00000) (1024K)]
  0x0000018773366300 JavaThread "WorkspaceEventsHandler"            [_thread_blocked, id=17092, stack(0x0000001245a00000,0x0000001245b00000) (1024K)]
  0x0000018773364230 JavaThread "pool-1-thread-1"                   [_thread_blocked, id=28732, stack(0x0000001245b00000,0x0000001245c00000) (1024K)]
  0x0000018773361ad0 JavaThread "Worker-5: Initialize workspace"        [_thread_blocked, id=28852, stack(0x0000001245c00000,0x0000001245d00000) (1024K)]
  0x0000018773364f50 JavaThread "Worker-6"                          [_thread_blocked, id=28720, stack(0x0000001245d00000,0x0000001245e00000) (1024K)]
  0x00000187733676b0 JavaThread "LocalFile Deleter"          daemon [_thread_blocked, id=28816, stack(0x0000001244500000,0x0000001244600000) (1024K)]
  0x0000018773360720 JavaThread "LocalFile Deleter"          daemon [_thread_blocked, id=19964, stack(0x0000001245e00000,0x0000001245f00000) (1024K)]
  0x00000187751fc6c0 JavaThread "LocalFile Deleter"          daemon [_thread_blocked, id=28776, stack(0x0000001245f00000,0x0000001246000000) (1024K)]
  0x00000187751fe100 JavaThread "LocalFile Deleter"          daemon [_thread_blocked, id=28936, stack(0x0000001246000000,0x0000001246100000) (1024K)]
  0x00000187751f9240 JavaThread "LocalFile Deleter"          daemon [_thread_blocked, id=28940, stack(0x0000001246100000,0x0000001246200000) (1024K)]
  0x00000187751f98d0 JavaThread "LocalFile Deleter"          daemon [_thread_blocked, id=22632, stack(0x0000001246200000,0x0000001246300000) (1024K)]
  0x00000187751f9f60 JavaThread "LocalFile Deleter"          daemon [_thread_blocked, id=9352, stack(0x0000001246300000,0x0000001246400000) (1024K)]
  0x00000187751fb310 JavaThread "LocalFile Deleter"          daemon [_thread_blocked, id=28784, stack(0x0000001246400000,0x0000001246500000) (1024K)]
  0x00000187751fee20 JavaThread "Compiler Source File Reader" daemon [_thread_blocked, id=28760, stack(0x0000001246500000,0x0000001246600000) (1024K)]
  0x00000187751fcd50 JavaThread "Compiler Source File Reader" daemon [_thread_blocked, id=28756, stack(0x0000001246600000,0x0000001246700000) (1024K)]
  0x00000187751fb9a0 JavaThread "Compiler Source File Reader" daemon [_thread_blocked, id=28764, stack(0x0000001246700000,0x0000001246800000) (1024K)]
  0x00000187751fe790 JavaThread "Compiler Source File Reader" daemon [_thread_blocked, id=28996, stack(0x0000001246800000,0x0000001246900000) (1024K)]
  0x00000187752001d0 JavaThread "Compiler Source File Reader" daemon [_thread_blocked, id=28912, stack(0x0000001246900000,0x0000001246a00000) (1024K)]
  0x0000018775200860 JavaThread "Compiler Source File Reader" daemon [_thread_blocked, id=28988, stack(0x0000001246a00000,0x0000001246b00000) (1024K)]
  0x00000187751fa5f0 JavaThread "Compiler Processing Task"   daemon [_thread_blocked, id=29152, stack(0x0000001246b00000,0x0000001246c00000) (1024K)]
  0x00000187751fd3e0 JavaThread "Compiler Class File Writer" daemon [_thread_blocked, id=29376, stack(0x0000001246c00000,0x0000001246d00000) (1024K)]
  0x00000187751fda70 JavaThread "Compiler Class File Writer" daemon [_thread_blocked, id=29452, stack(0x0000001246d00000,0x0000001246e00000) (1024K)]
  0x00000187751fc030 JavaThread "Compiler Class File Writer" daemon [_thread_blocked, id=29196, stack(0x0000001246e00000,0x0000001246f00000) (1024K)]
  0x00000187751ff4b0 JavaThread "Compiler Class File Writer" daemon [_thread_blocked, id=21548, stack(0x0000001246f00000,0x0000001247000000) (1024K)]
  0x00000187751ffb40 JavaThread "Compiler Class File Writer" daemon [_thread_blocked, id=2888, stack(0x0000001247000000,0x0000001247100000) (1024K)]
  0x00000187759cdf30 JavaThread "Compiler Class File Writer" daemon [_thread_blocked, id=23748, stack(0x0000001247100000,0x0000001247200000) (1024K)]
  0x00000187759cd8a0 JavaThread "ForkJoinPool.commonPool-worker-1" daemon [_thread_blocked, id=28780, stack(0x0000001242600000,0x0000001242700000) (1024K)]
Total: 61

Other Threads:
  0x000001872a4039f0 VMThread "VM Thread"                           [id=24064, stack(0x0000001242c00000,0x0000001242d00000) (1024K)]
  0x00000187160bc9e0 WatcherThread "VM Periodic Task Thread"        [id=14976, stack(0x0000001242b00000,0x0000001242c00000) (1024K)]
  0x000001871606f5c0 WorkerThread "GC Thread#0"                     [id=26940, stack(0x0000001242a00000,0x0000001242b00000) (1024K)]
  0x000001877153c1d0 WorkerThread "GC Thread#1"                     [id=29416, stack(0x0000001243700000,0x0000001243800000) (1024K)]
  0x000001877151ead0 WorkerThread "GC Thread#2"                     [id=29428, stack(0x0000001243800000,0x0000001243900000) (1024K)]
  0x000001877151ee70 WorkerThread "GC Thread#3"                     [id=29432, stack(0x0000001243900000,0x0000001243a00000) (1024K)]
  0x0000018771734920 WorkerThread "GC Thread#4"                     [id=29436, stack(0x0000001243a00000,0x0000001243b00000) (1024K)]
  0x0000018771734cc0 WorkerThread "GC Thread#5"                     [id=29440, stack(0x0000001243b00000,0x0000001243c00000) (1024K)]
  0x0000018771735060 WorkerThread "GC Thread#6"                     [id=29444, stack(0x0000001243c00000,0x0000001243d00000) (1024K)]
  0x0000018771e3e8f0 WorkerThread "GC Thread#7"                     [id=28828, stack(0x0000001243f00000,0x0000001244000000) (1024K)]
Total: 10

Threads with active compile tasks:
C2 CompilerThread0  45343 14090       4       org.eclipse.jdt.internal.core.search.indexing.BinaryIndexer::extractReferenceFromConstantPool (358 bytes)
Total: 1

VM state: at safepoint (normal execution)

VM Mutex/Monitor currently owned by a thread:  ([mutex/lock_event])
[0x00007ff988b6e308] Threads_lock - owner thread: 0x000001872a4039f0
[0x00007ff988b6e408] Heap_lock - owner thread: 0x00000187721316e0

Heap address: 0x00000000c0000000, size: 1024 MB, Compressed Oops mode: 32-bit

CDS archive(s) mapped at: [0x000001872b000000-0x000001872bba0000-0x000001872bba0000), size 12189696, SharedBaseAddress: 0x000001872b000000, ArchiveRelocationMode: 1.
Compressed class space mapped at: 0x000001872c000000-0x000001876c000000, reserved size: 1073741824
Narrow klass base: 0x000001872b000000, Narrow klass shift: 0, Narrow klass range: 0x100000000

GC Precious Log:
 CardTable entry size: 512
 CPUs: 8 total, 8 available
 Memory: 7937M
 Large Page Support: Disabled
 NUMA Support: Disabled
 Compressed Oops: Enabled (32-bit)
 Alignments: Space 512K, Generation 512K, Heap 2M
 Heap Min Capacity: 100M
 Heap Initial Capacity: 100M
 Heap Max Capacity: 1G
 Pre-touch: Disabled
 Parallel Workers: 8

Heap:
 PSYoungGen      total 2560K, used 2400K [0x00000000eab00000, 0x00000000eae80000, 0x0000000100000000)
  eden space 2048K, 100% used [0x00000000eab00000,0x00000000ead00000,0x00000000ead00000)
  from space 512K, 68% used [0x00000000ead00000,0x00000000ead58000,0x00000000ead80000)
  to   space 512K, 0% used [0x00000000eae00000,0x00000000eae00000,0x00000000eae80000)
 ParOldGen       total 544768K, used 544364K [0x00000000c0000000, 0x00000000e1400000, 0x00000000eab00000)
  object space 544768K, 99% used [0x00000000c0000000,0x00000000e139b158,0x00000000e1400000)
 Metaspace       used 65835K, committed 67392K, reserved 1114112K
  class space    used 6618K, committed 7296K, reserved 1048576K

Card table byte_map: [0x00000187159f0000,0x0000018715c00000] _byte_map_base: 0x00000187153f0000

Marking Bits: (ParMarkBitMap*) 0x00007ff988b731f0
 Begin Bits: [0x0000018728240000, 0x0000018729240000)
 End Bits:   [0x0000018729240000, 0x000001872a240000)

Polling page: 0x0000018713e90000

Metaspace:

Usage:
  Non-class:     57.83 MB used.
      Class:      6.46 MB used.
       Both:     64.29 MB used.

Virtual space:
  Non-class space:       64.00 MB reserved,      58.69 MB ( 92%) committed,  1 nodes.
      Class space:        1.00 GB reserved,       7.12 MB ( <1%) committed,  1 nodes.
             Both:        1.06 GB reserved,      65.81 MB (  6%) committed. 

Chunk freelists:
   Non-Class:  4.38 MB
       Class:  8.92 MB
        Both:  13.29 MB

MaxMetaspaceSize: unlimited
CompressedClassSpaceSize: 1.00 GB
Initial GC threshold: 21.00 MB
Current GC threshold: 97.31 MB
CDS: on
 - commit_granule_bytes: 65536.
 - commit_granule_words: 8192.
 - virtual_space_node_default_size: 8388608.
 - enlarge_chunks_in_place: 1.
 - use_allocation_guard: 0.


Internal statistics:

num_allocs_failed_limit: 9.
num_arena_births: 1336.
num_arena_deaths: 14.
num_vsnodes_births: 2.
num_vsnodes_deaths: 0.
num_space_committed: 1053.
num_space_uncommitted: 0.
num_chunks_returned_to_freelist: 23.
num_chunks_taken_from_freelist: 4493.
num_chunk_merges: 15.
num_chunk_splits: 2762.
num_chunks_enlarged: 1536.
num_inconsistent_stats: 0.

CodeHeap 'non-profiled nmethods': size=120000Kb used=9817Kb max_used=9817Kb free=110182Kb
 bounds [0x0000018720d10000, 0x00000187216b0000, 0x0000018728240000]
CodeHeap 'profiled nmethods': size=120000Kb used=31838Kb max_used=31838Kb free=88161Kb
 bounds [0x0000018719240000, 0x000001871b160000, 0x0000018720770000]
CodeHeap 'non-nmethods': size=5760Kb used=1447Kb max_used=1511Kb free=4312Kb
 bounds [0x0000018720770000, 0x00000187209e0000, 0x0000018720d10000]
 total_blobs=14058 nmethods=13305 adapters=657
 compilation: enabled
              stopped_count=0, restarted_count=0
 full_count=0

Compilation events (20 events):
Event: 44.207 Thread 0x000001872a410da0 14084  s    2       org.eclipse.jdt.internal.core.search.processing.JobManager::requestIfNotWaiting (14 bytes)
Event: 44.208 Thread 0x000001872a410da0 nmethod 14084 0x000001871b148310 code [0x000001871b148500, 0x000001871b148958]
Event: 44.208 Thread 0x000001872a410da0 14087       2       org.eclipse.core.internal.jobs.InternalJob::internalSetState (15 bytes)
Event: 44.208 Thread 0x000001872a410da0 nmethod 14087 0x000001871b148c10 code [0x000001871b148da0, 0x000001871b148eb8]
Event: 44.208 Thread 0x000001872a410da0 14085  s    2       org.eclipse.jdt.internal.core.search.processing.JobManager::isJobWaiting (31 bytes)
Event: 44.208 Thread 0x000001872a410da0 nmethod 14085 0x000001871b148f90 code [0x000001871b149160, 0x000001871b1494a8]
Event: 44.208 Thread 0x000001872a410da0 14086  s    2       org.eclipse.jdt.internal.core.search.indexing.IndexManager::updateIndexState (185 bytes)
Event: 44.211 Thread 0x000001872a410da0 nmethod 14086 0x000001871b149690 code [0x000001871b149980, 0x000001871b14a258]
Event: 44.261 Thread 0x000001872a410da0 14089       3       org.eclipse.jdt.internal.compiler.classfmt.AnnotationInfo::decodeDefaultValue (871 bytes)
Event: 44.268 Thread 0x000001872a410da0 nmethod 14089 0x000001871b14a690 code [0x000001871b14ac60, 0x000001871b14eda8]
Event: 44.281 Thread 0x000001872a40d150 nmethod 14072% 0x0000018721684210 code [0x0000018721684ae0, 0x000001872168f538]
Event: 44.283 Thread 0x000001872a40d150 14088   !   4       org.eclipse.jdt.internal.compiler.classfmt.ClassFileReader::<init> (2135 bytes)
Event: 44.376 Thread 0x000001872a410da0 14092       2       org.eclipse.jdt.internal.core.search.indexing.AbstractIndexer::addAnnotationTypeDeclaration (51 bytes)
Event: 44.377 Thread 0x000001872a410da0 nmethod 14092 0x000001871b150310 code [0x000001871b150500, 0x000001871b150830]
Event: 44.866 Thread 0x000001872a410da0 14094       2       org.eclipse.jdt.internal.core.search.indexing.BinaryIndexer::addBinaryRetentionAnnotation (74 bytes)
Event: 44.867 Thread 0x000001872a410da0 nmethod 14094 0x000001871b150b10 code [0x000001871b150d40, 0x000001871b1510f8]
Event: 44.883 Thread 0x000001872a410da0 14095       2       org.eclipse.jdt.internal.core.search.indexing.BinaryIndexer::addBinaryTargetAnnotation (349 bytes)
Event: 44.885 Thread 0x000001872a410da0 nmethod 14095 0x000001871b151410 code [0x000001871b1517c0, 0x000001871b152388]
Event: 45.107 Thread 0x000001872a40d150 nmethod 14088 0x0000018721693f90 code [0x0000018721694a20, 0x00000187216a0db8]
Event: 45.111 Thread 0x000001872a40d150 14090       4       org.eclipse.jdt.internal.core.search.indexing.BinaryIndexer::extractReferenceFromConstantPool (358 bytes)

GC Heap History (20 events):
Event: 45.031 GC heap before
{Heap before GC invocations=1013 (full 3):
 PSYoungGen      total 2560K, used 2540K [0x00000000eab00000, 0x00000000eaf00000, 0x0000000100000000)
  eden space 2048K, 100% used [0x00000000eab00000,0x00000000ead00000,0x00000000ead00000)
  from space 512K, 96% used [0x00000000ead00000,0x00000000ead7b008,0x00000000ead80000)
  to   space 1024K, 0% used [0x00000000eae00000,0x00000000eae00000,0x00000000eaf00000)
 ParOldGen       total 541696K, used 541370K [0x00000000c0000000, 0x00000000e1100000, 0x00000000eab00000)
  object space 541696K, 99% used [0x00000000c0000000,0x00000000e10aebc0,0x00000000e1100000)
 Metaspace       used 65827K, committed 67392K, reserved 1114112K
  class space    used 6618K, committed 7296K, reserved 1048576K
}
Event: 45.034 GC heap after
{Heap after GC invocations=1013 (full 3):
 PSYoungGen      total 2560K, used 320K [0x00000000eab00000, 0x00000000eae80000, 0x0000000100000000)
  eden space 2048K, 0% used [0x00000000eab00000,0x00000000eab00000,0x00000000ead00000)
  from space 512K, 62% used [0x00000000eae00000,0x00000000eae50000,0x00000000eae80000)
  to   space 512K, 0% used [0x00000000ead00000,0x00000000ead00000,0x00000000ead80000)
 ParOldGen       total 542208K, used 541726K [0x00000000c0000000, 0x00000000e1180000, 0x00000000eab00000)
  object space 542208K, 99% used [0x00000000c0000000,0x00000000e1107bc8,0x00000000e1180000)
 Metaspace       used 65827K, committed 67392K, reserved 1114112K
  class space    used 6618K, committed 7296K, reserved 1048576K
}
Event: 45.054 GC heap before
{Heap before GC invocations=1014 (full 3):
 PSYoungGen      total 2560K, used 2368K [0x00000000eab00000, 0x00000000eae80000, 0x0000000100000000)
  eden space 2048K, 100% used [0x00000000eab00000,0x00000000ead00000,0x00000000ead00000)
  from space 512K, 62% used [0x00000000eae00000,0x00000000eae50000,0x00000000eae80000)
  to   space 512K, 0% used [0x00000000ead00000,0x00000000ead00000,0x00000000ead80000)
 ParOldGen       total 542208K, used 541726K [0x00000000c0000000, 0x00000000e1180000, 0x00000000eab00000)
  object space 542208K, 99% used [0x00000000c0000000,0x00000000e1107bc8,0x00000000e1180000)
 Metaspace       used 65827K, committed 67392K, reserved 1114112K
  class space    used 6618K, committed 7296K, reserved 1048576K
}
Event: 45.057 GC heap after
{Heap after GC invocations=1014 (full 3):
 PSYoungGen      total 2560K, used 320K [0x00000000eab00000, 0x00000000eae80000, 0x0000000100000000)
  eden space 2048K, 0% used [0x00000000eab00000,0x00000000eab00000,0x00000000ead00000)
  from space 512K, 62% used [0x00000000ead00000,0x00000000ead50000,0x00000000ead80000)
  to   space 512K, 0% used [0x00000000eae00000,0x00000000eae00000,0x00000000eae80000)
 ParOldGen       total 542208K, used 541974K [0x00000000c0000000, 0x00000000e1180000, 0x00000000eab00000)
  object space 542208K, 99% used [0x00000000c0000000,0x00000000e1145bc8,0x00000000e1180000)
 Metaspace       used 65827K, committed 67392K, reserved 1114112K
  class space    used 6618K, committed 7296K, reserved 1048576K
}
Event: 45.075 GC heap before
{Heap before GC invocations=1015 (full 3):
 PSYoungGen      total 2560K, used 2368K [0x00000000eab00000, 0x00000000eae80000, 0x0000000100000000)
  eden space 2048K, 100% used [0x00000000eab00000,0x00000000ead00000,0x00000000ead00000)
  from space 512K, 62% used [0x00000000ead00000,0x00000000ead50000,0x00000000ead80000)
  to   space 512K, 0% used [0x00000000eae00000,0x00000000eae00000,0x00000000eae80000)
 ParOldGen       total 542208K, used 541974K [0x00000000c0000000, 0x00000000e1180000, 0x00000000eab00000)
  object space 542208K, 99% used [0x00000000c0000000,0x00000000e1145bc8,0x00000000e1180000)
 Metaspace       used 65827K, committed 67392K, reserved 1114112K
  class space    used 6618K, committed 7296K, reserved 1048576K
}
Event: 45.078 GC heap after
{Heap after GC invocations=1015 (full 3):
 PSYoungGen      total 2560K, used 384K [0x00000000eab00000, 0x00000000eae80000, 0x0000000100000000)
  eden space 2048K, 0% used [0x00000000eab00000,0x00000000eab00000,0x00000000ead00000)
  from space 512K, 75% used [0x00000000eae00000,0x00000000eae60000,0x00000000eae80000)
  to   space 512K, 0% used [0x00000000ead00000,0x00000000ead00000,0x00000000ead80000)
 ParOldGen       total 542720K, used 542238K [0x00000000c0000000, 0x00000000e1200000, 0x00000000eab00000)
  object space 542720K, 99% used [0x00000000c0000000,0x00000000e1187bc8,0x00000000e1200000)
 Metaspace       used 65827K, committed 67392K, reserved 1114112K
  class space    used 6618K, committed 7296K, reserved 1048576K
}
Event: 45.098 GC heap before
{Heap before GC invocations=1016 (full 3):
 PSYoungGen      total 2560K, used 2432K [0x00000000eab00000, 0x00000000eae80000, 0x0000000100000000)
  eden space 2048K, 100% used [0x00000000eab00000,0x00000000ead00000,0x00000000ead00000)
  from space 512K, 75% used [0x00000000eae00000,0x00000000eae60000,0x00000000eae80000)
  to   space 512K, 0% used [0x00000000ead00000,0x00000000ead00000,0x00000000ead80000)
 ParOldGen       total 542720K, used 542238K [0x00000000c0000000, 0x00000000e1200000, 0x00000000eab00000)
  object space 542720K, 99% used [0x00000000c0000000,0x00000000e1187bc8,0x00000000e1200000)
 Metaspace       used 65827K, committed 67392K, reserved 1114112K
  class space    used 6618K, committed 7296K, reserved 1048576K
}
Event: 45.100 GC heap after
{Heap after GC invocations=1016 (full 3):
 PSYoungGen      total 2560K, used 352K [0x00000000eab00000, 0x00000000eae80000, 0x0000000100000000)
  eden space 2048K, 0% used [0x00000000eab00000,0x00000000eab00000,0x00000000ead00000)
  from space 512K, 68% used [0x00000000ead00000,0x00000000ead58000,0x00000000ead80000)
  to   space 512K, 0% used [0x00000000eae00000,0x00000000eae00000,0x00000000eae80000)
 ParOldGen       total 542720K, used 542486K [0x00000000c0000000, 0x00000000e1200000, 0x00000000eab00000)
  object space 542720K, 99% used [0x00000000c0000000,0x00000000e11c5bc8,0x00000000e1200000)
 Metaspace       used 65827K, committed 67392K, reserved 1114112K
  class space    used 6618K, committed 7296K, reserved 1048576K
}
Event: 45.125 GC heap before
{Heap before GC invocations=1017 (full 3):
 PSYoungGen      total 2560K, used 2400K [0x00000000eab00000, 0x00000000eae80000, 0x0000000100000000)
  eden space 2048K, 100% used [0x00000000eab00000,0x00000000ead00000,0x00000000ead00000)
  from space 512K, 68% used [0x00000000ead00000,0x00000000ead58000,0x00000000ead80000)
  to   space 512K, 0% used [0x00000000eae00000,0x00000000eae00000,0x00000000eae80000)
 ParOldGen       total 542720K, used 542486K [0x00000000c0000000, 0x00000000e1200000, 0x00000000eab00000)
  object space 542720K, 99% used [0x00000000c0000000,0x00000000e11c5bc8,0x00000000e1200000)
 Metaspace       used 65827K, committed 67392K, reserved 1114112K
  class space    used 6618K, committed 7296K, reserved 1048576K
}
Event: 45.127 GC heap after
{Heap after GC invocations=1017 (full 3):
 PSYoungGen      total 2560K, used 320K [0x00000000eab00000, 0x00000000eae80000, 0x0000000100000000)
  eden space 2048K, 0% used [0x00000000eab00000,0x00000000eab00000,0x00000000ead00000)
  from space 512K, 62% used [0x00000000eae00000,0x00000000eae50000,0x00000000eae80000)
  to   space 512K, 0% used [0x00000000ead00000,0x00000000ead00000,0x00000000ead80000)
 ParOldGen       total 543232K, used 542772K [0x00000000c0000000, 0x00000000e1280000, 0x00000000eab00000)
  object space 543232K, 99% used [0x00000000c0000000,0x00000000e120d1d8,0x00000000e1280000)
 Metaspace       used 65827K, committed 67392K, reserved 1114112K
  class space    used 6618K, committed 7296K, reserved 1048576K
}
Event: 45.144 GC heap before
{Heap before GC invocations=1018 (full 3):
 PSYoungGen      total 2560K, used 2354K [0x00000000eab00000, 0x00000000eae80000, 0x0000000100000000)
  eden space 2048K, 99% used [0x00000000eab00000,0x00000000eacfcaf8,0x00000000ead00000)
  from space 512K, 62% used [0x00000000eae00000,0x00000000eae50000,0x00000000eae80000)
  to   space 512K, 0% used [0x00000000ead00000,0x00000000ead00000,0x00000000ead80000)
 ParOldGen       total 543232K, used 542772K [0x00000000c0000000, 0x00000000e1280000, 0x00000000eab00000)
  object space 543232K, 99% used [0x00000000c0000000,0x00000000e120d1d8,0x00000000e1280000)
 Metaspace       used 65827K, committed 67392K, reserved 1114112K
  class space    used 6618K, committed 7296K, reserved 1048576K
}
Event: 45.147 GC heap after
{Heap after GC invocations=1018 (full 3):
 PSYoungGen      total 2560K, used 384K [0x00000000eab00000, 0x00000000eae80000, 0x0000000100000000)
  eden space 2048K, 0% used [0x00000000eab00000,0x00000000eab00000,0x00000000ead00000)
  from space 512K, 75% used [0x00000000ead00000,0x00000000ead60000,0x00000000ead80000)
  to   space 512K, 0% used [0x00000000eae00000,0x00000000eae00000,0x00000000eae80000)
 ParOldGen       total 543232K, used 543044K [0x00000000c0000000, 0x00000000e1280000, 0x00000000eab00000)
  object space 543232K, 99% used [0x00000000c0000000,0x00000000e12511d8,0x00000000e1280000)
 Metaspace       used 65827K, committed 67392K, reserved 1114112K
  class space    used 6618K, committed 7296K, reserved 1048576K
}
Event: 45.175 GC heap before
{Heap before GC invocations=1019 (full 3):
 PSYoungGen      total 2560K, used 2432K [0x00000000eab00000, 0x00000000eae80000, 0x0000000100000000)
  eden space 2048K, 100% used [0x00000000eab00000,0x00000000ead00000,0x00000000ead00000)
  from space 512K, 75% used [0x00000000ead00000,0x00000000ead60000,0x00000000ead80000)
  to   space 512K, 0% used [0x00000000eae00000,0x00000000eae00000,0x00000000eae80000)
 ParOldGen       total 543232K, used 543044K [0x00000000c0000000, 0x00000000e1280000, 0x00000000eab00000)
  object space 543232K, 99% used [0x00000000c0000000,0x00000000e12511d8,0x00000000e1280000)
 Metaspace       used 65827K, committed 67392K, reserved 1114112K
  class space    used 6618K, committed 7296K, reserved 1048576K
}
Event: 45.179 GC heap after
{Heap after GC invocations=1019 (full 3):
 PSYoungGen      total 2560K, used 288K [0x00000000eab00000, 0x00000000eae80000, 0x0000000100000000)
  eden space 2048K, 0% used [0x00000000eab00000,0x00000000eab00000,0x00000000ead00000)
  from space 512K, 56% used [0x00000000eae00000,0x00000000eae48000,0x00000000eae80000)
  to   space 512K, 0% used [0x00000000ead00000,0x00000000ead00000,0x00000000ead80000)
 ParOldGen       total 543744K, used 543292K [0x00000000c0000000, 0x00000000e1300000, 0x00000000eab00000)
  object space 543744K, 99% used [0x00000000c0000000,0x00000000e128f1d8,0x00000000e1300000)
 Metaspace       used 65827K, committed 67392K, reserved 1114112K
  class space    used 6618K, committed 7296K, reserved 1048576K
}
Event: 45.202 GC heap before
{Heap before GC invocations=1020 (full 3):
 PSYoungGen      total 2560K, used 2336K [0x00000000eab00000, 0x00000000eae80000, 0x0000000100000000)
  eden space 2048K, 100% used [0x00000000eab00000,0x00000000ead00000,0x00000000ead00000)
  from space 512K, 56% used [0x00000000eae00000,0x00000000eae48000,0x00000000eae80000)
  to   space 512K, 0% used [0x00000000ead00000,0x00000000ead00000,0x00000000ead80000)
 ParOldGen       total 543744K, used 543292K [0x00000000c0000000, 0x00000000e1300000, 0x00000000eab00000)
  object space 543744K, 99% used [0x00000000c0000000,0x00000000e128f1d8,0x00000000e1300000)
 Metaspace       used 65827K, committed 67392K, reserved 1114112K
  class space    used 6618K, committed 7296K, reserved 1048576K
}
Event: 45.206 GC heap after
{Heap after GC invocations=1020 (full 3):
 PSYoungGen      total 2560K, used 256K [0x00000000eab00000, 0x00000000eae80000, 0x0000000100000000)
  eden space 2048K, 0% used [0x00000000eab00000,0x00000000eab00000,0x00000000ead00000)
  from space 512K, 50% used [0x00000000ead00000,0x00000000ead40000,0x00000000ead80000)
  to   space 512K, 0% used [0x00000000eae00000,0x00000000eae00000,0x00000000eae80000)
 ParOldGen       total 543744K, used 543540K [0x00000000c0000000, 0x00000000e1300000, 0x00000000eab00000)
  object space 543744K, 99% used [0x00000000c0000000,0x00000000e12cd1d8,0x00000000e1300000)
 Metaspace       used 65827K, committed 67392K, reserved 1114112K
  class space    used 6618K, committed 7296K, reserved 1048576K
}
Event: 45.220 GC heap before
{Heap before GC invocations=1021 (full 3):
 PSYoungGen      total 2560K, used 2304K [0x00000000eab00000, 0x00000000eae80000, 0x0000000100000000)
  eden space 2048K, 100% used [0x00000000eab00000,0x00000000ead00000,0x00000000ead00000)
  from space 512K, 50% used [0x00000000ead00000,0x00000000ead40000,0x00000000ead80000)
  to   space 512K, 0% used [0x00000000eae00000,0x00000000eae00000,0x00000000eae80000)
 ParOldGen       total 543744K, used 543540K [0x00000000c0000000, 0x00000000e1300000, 0x00000000eab00000)
  object space 543744K, 99% used [0x00000000c0000000,0x00000000e12cd1d8,0x00000000e1300000)
 Metaspace       used 65827K, committed 67392K, reserved 1114112K
  class space    used 6618K, committed 7296K, reserved 1048576K
}
Event: 45.224 GC heap after
{Heap after GC invocations=1021 (full 3):
 PSYoungGen      total 2560K, used 352K [0x00000000eab00000, 0x00000000eae80000, 0x0000000100000000)
  eden space 2048K, 0% used [0x00000000eab00000,0x00000000eab00000,0x00000000ead00000)
  from space 512K, 68% used [0x00000000eae00000,0x00000000eae58000,0x00000000eae80000)
  to   space 512K, 0% used [0x00000000ead00000,0x00000000ead00000,0x00000000ead80000)
 ParOldGen       total 544256K, used 543780K [0x00000000c0000000, 0x00000000e1380000, 0x00000000eab00000)
  object space 544256K, 99% used [0x00000000c0000000,0x00000000e13091d8,0x00000000e1380000)
 Metaspace       used 65827K, committed 67392K, reserved 1114112K
  class space    used 6618K, committed 7296K, reserved 1048576K
}
Event: 45.249 GC heap before
{Heap before GC invocations=1022 (full 3):
 PSYoungGen      total 2560K, used 2400K [0x00000000eab00000, 0x00000000eae80000, 0x0000000100000000)
  eden space 2048K, 100% used [0x00000000eab00000,0x00000000ead00000,0x00000000ead00000)
  from space 512K, 68% used [0x00000000eae00000,0x00000000eae58000,0x00000000eae80000)
  to   space 512K, 0% used [0x00000000ead00000,0x00000000ead00000,0x00000000ead80000)
 ParOldGen       total 544256K, used 543780K [0x00000000c0000000, 0x00000000e1380000, 0x00000000eab00000)
  object space 544256K, 99% used [0x00000000c0000000,0x00000000e13091d8,0x00000000e1380000)
 Metaspace       used 65827K, committed 67392K, reserved 1114112K
  class space    used 6618K, committed 7296K, reserved 1048576K
}
Event: 45.252 GC heap after
{Heap after GC invocations=1022 (full 3):
 PSYoungGen      total 2560K, used 512K [0x00000000eab00000, 0x00000000eaf00000, 0x0000000100000000)
  eden space 2048K, 0% used [0x00000000eab00000,0x00000000eab00000,0x00000000ead00000)
  from space 512K, 100% used [0x00000000ead00000,0x00000000ead80000,0x00000000ead80000)
  to   space 1024K, 0% used [0x00000000eae00000,0x00000000eae00000,0x00000000eaf00000)
 ParOldGen       total 544256K, used 544108K [0x00000000c0000000, 0x00000000e1380000, 0x00000000eab00000)
  object space 544256K, 99% used [0x00000000c0000000,0x00000000e135b1d8,0x00000000e1380000)
 Metaspace       used 65827K, committed 67392K, reserved 1114112K
  class space    used 6618K, committed 7296K, reserved 1048576K
}

Dll operation events (10 events):
Event: 0.020 Loaded shared library c:\Users\21355\.vscode\extensions\redhat.java-1.42.0-win32-x64\jre\21.0.7-win32-x86_64\bin\java.dll
Event: 0.187 Loaded shared library c:\Users\21355\.vscode\extensions\redhat.java-1.42.0-win32-x64\jre\21.0.7-win32-x86_64\bin\zip.dll
Event: 0.262 Loaded shared library C:\Users\21355\.vscode\extensions\redhat.java-1.42.0-win32-x64\jre\21.0.7-win32-x86_64\bin\instrument.dll
Event: 0.294 Loaded shared library C:\Users\21355\.vscode\extensions\redhat.java-1.42.0-win32-x64\jre\21.0.7-win32-x86_64\bin\net.dll
Event: 0.297 Loaded shared library C:\Users\21355\.vscode\extensions\redhat.java-1.42.0-win32-x64\jre\21.0.7-win32-x86_64\bin\nio.dll
Event: 0.310 Loaded shared library C:\Users\21355\.vscode\extensions\redhat.java-1.42.0-win32-x64\jre\21.0.7-win32-x86_64\bin\zip.dll
Event: 0.358 Loaded shared library C:\Users\21355\.vscode\extensions\redhat.java-1.42.0-win32-x64\jre\21.0.7-win32-x86_64\bin\jimage.dll
Event: 0.582 Loaded shared library c:\Users\21355\.vscode\extensions\redhat.java-1.42.0-win32-x64\jre\21.0.7-win32-x86_64\bin\verify.dll
Event: 2.799 Loaded shared library C:\Users\21355\AppData\Roaming\Code\User\globalStorage\redhat.java\1.42.0\config_win\org.eclipse.equinox.launcher\org.eclipse.equinox.launcher.win32.win32.x86_64_1.2.1300.v20250331-1702\eclipse_11911.dll
Event: 4.931 Loaded shared library C:\Users\21355\AppData\Local\Temp\jna-47686516\jna531676373995204135.dll

Deoptimization events (20 events):
Event: 45.119 Thread 0x00000187721316e0 DEOPT PACKING pc=0x0000018719e88e9a sp=0x0000001244afead0
Event: 45.119 Thread 0x00000187721316e0 DEOPT UNPACKING pc=0x00000187207c78e2 sp=0x0000001244afdee8 mode 0
Event: 45.132 Thread 0x00000187721316e0 DEOPT PACKING pc=0x0000018719e8286f sp=0x0000001244afe9f0
Event: 45.132 Thread 0x00000187721316e0 DEOPT UNPACKING pc=0x00000187207c78e2 sp=0x0000001244afde78 mode 0
Event: 45.150 Thread 0x00000187721316e0 DEOPT PACKING pc=0x0000018719e88e9a sp=0x0000001244afead0
Event: 45.150 Thread 0x00000187721316e0 DEOPT UNPACKING pc=0x00000187207c78e2 sp=0x0000001244afdee8 mode 0
Event: 45.151 Thread 0x00000187721316e0 DEOPT PACKING pc=0x0000018719e8286f sp=0x0000001244afeb10
Event: 45.151 Thread 0x00000187721316e0 DEOPT UNPACKING pc=0x00000187207c78e2 sp=0x0000001244afdf98 mode 0
Event: 45.185 Thread 0x00000187721316e0 DEOPT PACKING pc=0x0000018719e8286f sp=0x0000001244afe9f0
Event: 45.185 Thread 0x00000187721316e0 DEOPT UNPACKING pc=0x00000187207c78e2 sp=0x0000001244afde78 mode 0
Event: 45.195 Thread 0x00000187721316e0 DEOPT PACKING pc=0x0000018719e88e9a sp=0x0000001244afead0
Event: 45.195 Thread 0x00000187721316e0 DEOPT UNPACKING pc=0x00000187207c78e2 sp=0x0000001244afdee8 mode 0
Event: 45.212 Thread 0x00000187721316e0 DEOPT PACKING pc=0x0000018719e8286f sp=0x0000001244afeb10
Event: 45.212 Thread 0x00000187721316e0 DEOPT UNPACKING pc=0x00000187207c78e2 sp=0x0000001244afdf98 mode 0
Event: 45.227 Thread 0x00000187721316e0 DEOPT PACKING pc=0x0000018719e88e9a sp=0x0000001244afeab0
Event: 45.227 Thread 0x00000187721316e0 DEOPT UNPACKING pc=0x00000187207c78e2 sp=0x0000001244afdec8 mode 0
Event: 45.235 Thread 0x00000187721316e0 DEOPT PACKING pc=0x000001871b12c859 sp=0x0000001244afeb60
Event: 45.235 Thread 0x00000187721316e0 DEOPT UNPACKING pc=0x00000187207c78e2 sp=0x0000001244afe058 mode 0
Event: 45.238 Thread 0x00000187721316e0 DEOPT PACKING pc=0x000001871b1306fe sp=0x0000001244afeb70
Event: 45.238 Thread 0x00000187721316e0 DEOPT UNPACKING pc=0x00000187207c78e2 sp=0x0000001244afe050 mode 0

Classes loaded (20 events):
Event: 22.599 Loading class sun/nio/fs/WindowsFileSystem$2
Event: 22.599 Loading class java/nio/file/PathMatcher
Event: 22.599 Loading class java/nio/file/PathMatcher done
Event: 22.599 Loading class sun/nio/fs/WindowsFileSystem$2 done
Event: 22.984 Loading class java/util/Collections$SynchronizedRandomAccessList
Event: 22.984 Loading class java/util/Collections$SynchronizedList
Event: 22.985 Loading class java/util/Collections$SynchronizedList done
Event: 22.985 Loading class java/util/Collections$SynchronizedRandomAccessList done
Event: 22.994 Loading class java/util/concurrent/CompletableFuture$Signaller
Event: 22.995 Loading class java/util/concurrent/CompletableFuture$Signaller done
Event: 24.183 Loading class java/nio/charset/CharacterCodingException
Event: 24.184 Loading class java/nio/charset/CharacterCodingException done
Event: 24.184 Loading class java/io/SequenceInputStream
Event: 24.185 Loading class java/io/SequenceInputStream done
Event: 32.681 Loading class sun/nio/cs/ISO_8859_1$Encoder
Event: 32.682 Loading class sun/nio/cs/ISO_8859_1$Encoder done
Event: 32.682 Loading class sun/nio/cs/Surrogate$Parser
Event: 32.683 Loading class sun/nio/cs/Surrogate$Parser done
Event: 32.683 Loading class sun/nio/cs/Surrogate
Event: 32.684 Loading class sun/nio/cs/Surrogate done

Classes unloaded (7 events):
Event: 5.754 Thread 0x000001872a4039f0 Unloading class 0x000001872c1a5400 'java/lang/invoke/LambdaForm$MH+0x000001872c1a5400'
Event: 5.754 Thread 0x000001872a4039f0 Unloading class 0x000001872c1a5000 'java/lang/invoke/LambdaForm$MH+0x000001872c1a5000'
Event: 5.754 Thread 0x000001872a4039f0 Unloading class 0x000001872c1a4c00 'java/lang/invoke/LambdaForm$MH+0x000001872c1a4c00'
Event: 5.754 Thread 0x000001872a4039f0 Unloading class 0x000001872c1a4800 'java/lang/invoke/LambdaForm$MH+0x000001872c1a4800'
Event: 5.754 Thread 0x000001872a4039f0 Unloading class 0x000001872c1a4400 'java/lang/invoke/LambdaForm$BMH+0x000001872c1a4400'
Event: 5.754 Thread 0x000001872a4039f0 Unloading class 0x000001872c1a4000 'java/lang/invoke/LambdaForm$DMH+0x000001872c1a4000'
Event: 5.754 Thread 0x000001872a4039f0 Unloading class 0x000001872c1a2c00 'java/lang/invoke/LambdaForm$DMH+0x000001872c1a2c00'

Classes redefined (0 events):
No events

Internal exceptions (20 events):
Event: 28.159 Thread 0x0000018772130330 Implicit null exception at 0x0000018721007521 to 0x0000018721007834
Event: 39.789 Thread 0x00000187721316e0 Exception <a 'sun/nio/fs/WindowsException'{0x00000000eab0d458}> (0x00000000eab0d458) 
thrown [s\src\hotspot\share\prims\jni.cpp, line 520]
Event: 42.548 Thread 0x00000187721316e0 Exception <a 'sun/nio/fs/WindowsException'{0x00000000eabf60b8}> (0x00000000eabf60b8) 
thrown [s\src\hotspot\share\prims\jni.cpp, line 520]
Event: 42.640 Thread 0x00000187721316e0 Exception <a 'sun/nio/fs/WindowsException'{0x00000000eaba6610}> (0x00000000eaba6610) 
thrown [s\src\hotspot\share\prims\jni.cpp, line 520]
Event: 42.647 Thread 0x00000187721316e0 Exception <a 'sun/nio/fs/WindowsException'{0x00000000eabbd300}> (0x00000000eabbd300) 
thrown [s\src\hotspot\share\prims\jni.cpp, line 520]
Event: 42.655 Thread 0x00000187721316e0 Exception <a 'sun/nio/fs/WindowsException'{0x00000000eabd3b08}> (0x00000000eabd3b08) 
thrown [s\src\hotspot\share\prims\jni.cpp, line 520]
Event: 42.661 Thread 0x00000187721316e0 Exception <a 'sun/nio/fs/WindowsException'{0x00000000eabe8798}> (0x00000000eabe8798) 
thrown [s\src\hotspot\share\prims\jni.cpp, line 520]
Event: 42.781 Thread 0x00000187721316e0 Exception <a 'sun/nio/fs/WindowsException'{0x00000000eac555e8}> (0x00000000eac555e8) 
thrown [s\src\hotspot\share\prims\jni.cpp, line 520]
Event: 43.108 Thread 0x00000187721316e0 Exception <a 'sun/nio/fs/WindowsException'{0x00000000eac50510}> (0x00000000eac50510) 
thrown [s\src\hotspot\share\prims\jni.cpp, line 520]
Event: 43.131 Thread 0x00000187721316e0 Exception <a 'sun/nio/fs/WindowsException'{0x00000000eab74e98}> (0x00000000eab74e98) 
thrown [s\src\hotspot\share\prims\jni.cpp, line 520]
Event: 43.145 Thread 0x00000187721316e0 Exception <a 'sun/nio/fs/WindowsException'{0x00000000eab9ed20}> (0x00000000eab9ed20) 
thrown [s\src\hotspot\share\prims\jni.cpp, line 520]
Event: 43.156 Thread 0x00000187721316e0 Exception <a 'sun/nio/fs/WindowsException'{0x00000000eac3ad58}> (0x00000000eac3ad58) 
thrown [s\src\hotspot\share\prims\jni.cpp, line 520]
Event: 43.281 Thread 0x00000187721316e0 Exception <a 'sun/nio/fs/WindowsException'{0x00000000eab56028}> (0x00000000eab56028) 
thrown [s\src\hotspot\share\prims\jni.cpp, line 520]
Event: 43.290 Thread 0x00000187721316e0 Exception <a 'sun/nio/fs/WindowsException'{0x00000000eab6d7f8}> (0x00000000eab6d7f8) 
thrown [s\src\hotspot\share\prims\jni.cpp, line 520]
Event: 43.368 Thread 0x00000187721316e0 Exception <a 'sun/nio/fs/WindowsException'{0x00000000eab51040}> (0x00000000eab51040) 
thrown [s\src\hotspot\share\prims\jni.cpp, line 520]
Event: 43.605 Thread 0x00000187721316e0 Exception <a 'sun/nio/fs/WindowsException'{0x00000000eab124e8}> (0x00000000eab124e8) 
thrown [s\src\hotspot\share\prims\jni.cpp, line 520]
Event: 44.206 Thread 0x00000187721316e0 Exception <a 'sun/nio/fs/WindowsException'{0x00000000eab49518}> (0x00000000eab49518) 
thrown [s\src\hotspot\share\prims\jni.cpp, line 520]
Event: 44.657 Thread 0x00000187721316e0 Exception <a 'sun/nio/fs/WindowsException'{0x00000000eab3eaa8}> (0x00000000eab3eaa8) 
thrown [s\src\hotspot\share\prims\jni.cpp, line 520]
Event: 44.732 Thread 0x00000187721316e0 Exception <a 'sun/nio/fs/WindowsException'{0x00000000eabc0b98}> (0x00000000eabc0b98) 
thrown [s\src\hotspot\share\prims\jni.cpp, line 520]
Event: 45.288 Thread 0x00000187721316e0 Exception <a 'sun/nio/fs/WindowsException'{0x00000000eac9d3a8}> (0x00000000eac9d3a8) 
thrown [s\src\hotspot\share\prims\jni.cpp, line 520]

ZGC Phase Switch (0 events):
No events

VM Operations (20 events):
Event: 45.031 Executing VM operation: ParallelGCFailedAllocation (Allocation Failure)
Event: 45.034 Executing VM operation: ParallelGCFailedAllocation (Allocation Failure) done
Event: 45.054 Executing VM operation: ParallelGCFailedAllocation (Allocation Failure)
Event: 45.057 Executing VM operation: ParallelGCFailedAllocation (Allocation Failure) done
Event: 45.075 Executing VM operation: ParallelGCFailedAllocation (Allocation Failure)
Event: 45.078 Executing VM operation: ParallelGCFailedAllocation (Allocation Failure) done
Event: 45.098 Executing VM operation: ParallelGCFailedAllocation (Allocation Failure)
Event: 45.101 Executing VM operation: ParallelGCFailedAllocation (Allocation Failure) done
Event: 45.125 Executing VM operation: ParallelGCFailedAllocation (Allocation Failure)
Event: 45.127 Executing VM operation: ParallelGCFailedAllocation (Allocation Failure) done
Event: 45.144 Executing VM operation: ParallelGCFailedAllocation (Allocation Failure)
Event: 45.147 Executing VM operation: ParallelGCFailedAllocation (Allocation Failure) done
Event: 45.175 Executing VM operation: ParallelGCFailedAllocation (Allocation Failure)
Event: 45.179 Executing VM operation: ParallelGCFailedAllocation (Allocation Failure) done
Event: 45.202 Executing VM operation: ParallelGCFailedAllocation (Allocation Failure)
Event: 45.207 Executing VM operation: ParallelGCFailedAllocation (Allocation Failure) done
Event: 45.220 Executing VM operation: ParallelGCFailedAllocation (Allocation Failure)
Event: 45.224 Executing VM operation: ParallelGCFailedAllocation (Allocation Failure) done
Event: 45.249 Executing VM operation: ParallelGCFailedAllocation (Allocation Failure)
Event: 45.252 Executing VM operation: ParallelGCFailedAllocation (Allocation Failure) done

Memory protections (0 events):
No events

Nmethod flushes (20 events):
Event: 18.029 Thread 0x000001872a4039f0 flushing osr nmethod 0x0000018719ac6e90
Event: 18.029 Thread 0x000001872a4039f0 flushing osr nmethod 0x0000018719afcd10
Event: 18.029 Thread 0x000001872a4039f0 flushing  nmethod 0x0000018719b04f10
Event: 18.029 Thread 0x000001872a4039f0 flushing  nmethod 0x0000018719b13b10
Event: 18.029 Thread 0x000001872a4039f0 flushing  nmethod 0x0000018719b2fe90
Event: 18.029 Thread 0x000001872a4039f0 flushing  nmethod 0x0000018719b3c810
Event: 18.029 Thread 0x000001872a4039f0 flushing  nmethod 0x0000018719b44410
Event: 18.029 Thread 0x000001872a4039f0 flushing  nmethod 0x0000018719b44990
Event: 18.029 Thread 0x000001872a4039f0 flushing  nmethod 0x0000018719b56910
Event: 18.029 Thread 0x000001872a4039f0 flushing  nmethod 0x0000018719b58210
Event: 18.029 Thread 0x000001872a4039f0 flushing  nmethod 0x0000018719b5b710
Event: 18.029 Thread 0x000001872a4039f0 flushing  nmethod 0x0000018719b5c210
Event: 18.029 Thread 0x000001872a4039f0 flushing  nmethod 0x0000018719b5c810
Event: 18.029 Thread 0x000001872a4039f0 flushing  nmethod 0x0000018719b5eb10
Event: 18.029 Thread 0x000001872a4039f0 flushing  nmethod 0x0000018719b60610
Event: 18.029 Thread 0x000001872a4039f0 flushing  nmethod 0x0000018719b63490
Event: 18.029 Thread 0x000001872a4039f0 flushing  nmethod 0x0000018719b6f290
Event: 18.029 Thread 0x000001872a4039f0 flushing  nmethod 0x0000018719ba0a10
Event: 18.029 Thread 0x000001872a4039f0 flushing  nmethod 0x0000018719ba3890
Event: 18.029 Thread 0x000001872a4039f0 flushing  nmethod 0x0000018719bace10

Events (20 events):
Event: 19.514 Thread 0x0000018772132a90 Thread added: 0x00000187759ce5c0
Event: 19.514 Thread 0x0000018772132a90 Thread added: 0x00000187759d20d0
Event: 19.515 Thread 0x0000018772132a90 Thread added: 0x00000187759cec50
Event: 20.551 Thread 0x00000187759ce5c0 Thread exited: 0x00000187759ce5c0
Event: 20.551 Thread 0x00000187759cd8a0 Thread exited: 0x00000187759cd8a0
Event: 20.551 Thread 0x00000187759cec50 Thread exited: 0x00000187759cec50
Event: 20.551 Thread 0x00000187759ccb80 Thread exited: 0x00000187759ccb80
Event: 20.552 Thread 0x00000187759d20d0 Thread exited: 0x00000187759d20d0
Event: 21.448 Thread 0x0000018772132a90 Thread added: 0x00000187759d20d0
Event: 21.448 Thread 0x0000018772132a90 Thread added: 0x00000187759cf970
Event: 21.448 Thread 0x0000018772132a90 Thread added: 0x00000187759d2760
Event: 21.448 Thread 0x0000018772132a90 Thread added: 0x00000187759cc4f0
Event: 21.449 Thread 0x0000018772132a90 Thread added: 0x00000187759d3b10
Event: 21.583 Thread 0x00000187759d20d0 Thread exited: 0x00000187759d20d0
Event: 21.583 Thread 0x00000187759d3b10 Thread exited: 0x00000187759d3b10
Event: 21.583 Thread 0x00000187759cf970 Thread exited: 0x00000187759cf970
Event: 21.583 Thread 0x00000187759cc4f0 Thread exited: 0x00000187759cc4f0
Event: 21.583 Thread 0x00000187759d2760 Thread exited: 0x00000187759d2760
Event: 23.459 Thread 0x00000187720ce8e0 Thread exited: 0x00000187720ce8e0
Event: 30.790 Thread 0x0000018772130330 Thread added: 0x00000187759cd8a0


Dynamic libraries:
0x00007ff780df0000 - 0x00007ff780dfe000 	c:\Users\21355\.vscode\extensions\redhat.java-1.42.0-win32-x64\jre\21.0.7-win32-x86_64\bin\java.exe
0x00007ff9f52f0000 - 0x00007ff9f5507000 	C:\WINDOWS\SYSTEM32\ntdll.dll
0x00007ff9f2f90000 - 0x00007ff9f3054000 	C:\WINDOWS\System32\KERNEL32.DLL
0x00007ff9f28d0000 - 0x00007ff9f2ca3000 	C:\WINDOWS\System32\KERNELBASE.dll
0x00007ff9f2590000 - 0x00007ff9f26a1000 	C:\WINDOWS\System32\ucrtbase.dll
0x00007ff9dd240000 - 0x00007ff9dd258000 	c:\Users\21355\.vscode\extensions\redhat.java-1.42.0-win32-x64\jre\21.0.7-win32-x86_64\bin\jli.dll
0x00007ff9dc010000 - 0x00007ff9dc02e000 	c:\Users\21355\.vscode\extensions\redhat.java-1.42.0-win32-x64\jre\21.0.7-win32-x86_64\bin\VCRUNTIME140.dll
0x00007ff9dd610000 - 0x00007ff9dd8ab000 	C:\WINDOWS\WinSxS\amd64_microsoft.windows.common-controls_6595b64144ccf1df_6.0.22621.5262_none_2712bde373830908\COMCTL32.dll
0x00007ff9f36c0000 - 0x00007ff9f3767000 	C:\WINDOWS\System32\msvcrt.dll
0x00007ff9f3770000 - 0x00007ff9f3799000 	C:\WINDOWS\System32\GDI32.dll
0x00007ff9f26b0000 - 0x00007ff9f26d6000 	C:\WINDOWS\System32\win32u.dll
0x00007ff9f27a0000 - 0x00007ff9f28c2000 	C:\WINDOWS\System32\gdi32full.dll
0x00007ff9f23b0000 - 0x00007ff9f244a000 	C:\WINDOWS\System32\msvcp_win.dll
0x00007ff9f4f40000 - 0x00007ff9f50f1000 	C:\WINDOWS\System32\USER32.dll
0x00007ff9f2f50000 - 0x00007ff9f2f81000 	C:\WINDOWS\System32\IMM32.DLL
0x00007ff9dbbb0000 - 0x00007ff9dbbbc000 	c:\Users\21355\.vscode\extensions\redhat.java-1.42.0-win32-x64\jre\21.0.7-win32-x86_64\bin\vcruntime140_1.dll
0x00007ff9db5b0000 - 0x00007ff9db63d000 	c:\Users\21355\.vscode\extensions\redhat.java-1.42.0-win32-x64\jre\21.0.7-win32-x86_64\bin\msvcp140.dll
0x00007ff987ec0000 - 0x00007ff988c50000 	c:\Users\21355\.vscode\extensions\redhat.java-1.42.0-win32-x64\jre\21.0.7-win32-x86_64\bin\server\jvm.dll
0x00007ff9f3e60000 - 0x00007ff9f3f11000 	C:\WINDOWS\System32\ADVAPI32.dll
0x00007ff9f44e0000 - 0x00007ff9f4587000 	C:\WINDOWS\System32\sechost.dll
0x00007ff9f2f20000 - 0x00007ff9f2f48000 	C:\WINDOWS\System32\bcrypt.dll
0x00007ff9f3190000 - 0x00007ff9f32a4000 	C:\WINDOWS\System32\RPCRT4.dll
0x00007ff9f3060000 - 0x00007ff9f30d1000 	C:\WINDOWS\System32\WS2_32.dll
0x00007ff9f20d0000 - 0x00007ff9f211d000 	C:\WINDOWS\SYSTEM32\POWRPROF.dll
0x00007ff9ed620000 - 0x00007ff9ed654000 	C:\WINDOWS\SYSTEM32\WINMM.dll
0x00007ff9eb200000 - 0x00007ff9eb20a000 	C:\WINDOWS\SYSTEM32\VERSION.dll
0x00007ff9f20b0000 - 0x00007ff9f20c3000 	C:\WINDOWS\SYSTEM32\UMPDC.dll
0x00007ff9f13b0000 - 0x00007ff9f13c8000 	C:\WINDOWS\SYSTEM32\kernel.appcore.dll
0x00007ff9db5a0000 - 0x00007ff9db5aa000 	c:\Users\21355\.vscode\extensions\redhat.java-1.42.0-win32-x64\jre\21.0.7-win32-x86_64\bin\jimage.dll
0x00007ff9ef350000 - 0x00007ff9ef582000 	C:\WINDOWS\SYSTEM32\DBGHELP.DLL
0x00007ff9f3320000 - 0x00007ff9f36b3000 	C:\WINDOWS\System32\combase.dll
0x00007ff9f4110000 - 0x00007ff9f41e7000 	C:\WINDOWS\System32\OLEAUT32.dll
0x00007ff9dd2a0000 - 0x00007ff9dd2d2000 	C:\WINDOWS\SYSTEM32\dbgcore.DLL
0x00007ff9f2ea0000 - 0x00007ff9f2f1b000 	C:\WINDOWS\System32\bcryptPrimitives.dll
0x00007ff9db590000 - 0x00007ff9db59f000 	c:\Users\21355\.vscode\extensions\redhat.java-1.42.0-win32-x64\jre\21.0.7-win32-x86_64\bin\instrument.dll
0x00007ff9db570000 - 0x00007ff9db58f000 	c:\Users\21355\.vscode\extensions\redhat.java-1.42.0-win32-x64\jre\21.0.7-win32-x86_64\bin\java.dll
0x00007ff9f4590000 - 0x00007ff9f4e2d000 	C:\WINDOWS\System32\SHELL32.dll
0x00007ff9f2450000 - 0x00007ff9f258f000 	C:\WINDOWS\System32\wintypes.dll
0x00007ff9f02a0000 - 0x00007ff9f0bbd000 	C:\WINDOWS\SYSTEM32\windows.storage.dll
0x00007ff9f3d00000 - 0x00007ff9f3e0b000 	C:\WINDOWS\System32\SHCORE.dll
0x00007ff9f32b0000 - 0x00007ff9f3316000 	C:\WINDOWS\System32\shlwapi.dll
0x00007ff9f22e0000 - 0x00007ff9f230b000 	C:\WINDOWS\SYSTEM32\profapi.dll
0x00007ff9db550000 - 0x00007ff9db568000 	c:\Users\21355\.vscode\extensions\redhat.java-1.42.0-win32-x64\jre\21.0.7-win32-x86_64\bin\zip.dll
0x00007ff9db520000 - 0x00007ff9db530000 	C:\Users\21355\.vscode\extensions\redhat.java-1.42.0-win32-x64\jre\21.0.7-win32-x86_64\bin\net.dll
0x00007ff9eea80000 - 0x00007ff9eebac000 	C:\WINDOWS\SYSTEM32\WINHTTP.dll
0x00007ff9f1820000 - 0x00007ff9f188a000 	C:\WINDOWS\system32\mswsock.dll
0x00007ff9db500000 - 0x00007ff9db516000 	C:\Users\21355\.vscode\extensions\redhat.java-1.42.0-win32-x64\jre\21.0.7-win32-x86_64\bin\nio.dll
0x00007ff9db4f0000 - 0x00007ff9db500000 	c:\Users\21355\.vscode\extensions\redhat.java-1.42.0-win32-x64\jre\21.0.7-win32-x86_64\bin\verify.dll
0x00007ff9db1d0000 - 0x00007ff9db215000 	C:\Users\21355\AppData\Roaming\Code\User\globalStorage\redhat.java\1.42.0\config_win\org.eclipse.equinox.launcher\org.eclipse.equinox.launcher.win32.win32.x86_64_1.2.1300.v20250331-1702\eclipse_11911.dll
0x00007ff9f42b0000 - 0x00007ff9f4451000 	C:\WINDOWS\System32\ole32.dll
0x00007ff9f1b70000 - 0x00007ff9f1b8b000 	C:\WINDOWS\SYSTEM32\CRYPTSP.dll
0x00007ff9f1310000 - 0x00007ff9f1347000 	C:\WINDOWS\system32\rsaenh.dll
0x00007ff9f18c0000 - 0x00007ff9f18e8000 	C:\WINDOWS\SYSTEM32\USERENV.dll
0x00007ff9f1b50000 - 0x00007ff9f1b5c000 	C:\WINDOWS\SYSTEM32\CRYPTBASE.dll
0x00007ff9f0e60000 - 0x00007ff9f0e8d000 	C:\WINDOWS\SYSTEM32\IPHLPAPI.DLL
0x00007ff9f3f30000 - 0x00007ff9f3f39000 	C:\WINDOWS\System32\NSI.dll
0x00007ff9ba810000 - 0x00007ff9ba859000 	C:\Users\21355\AppData\Local\Temp\jna-47686516\jna531676373995204135.dll
0x00007ff9f4210000 - 0x00007ff9f4218000 	C:\WINDOWS\System32\PSAPI.DLL
0x00007ff9ed870000 - 0x00007ff9ed889000 	C:\WINDOWS\SYSTEM32\dhcpcsvc6.DLL
0x00007ff9ed850000 - 0x00007ff9ed86f000 	C:\WINDOWS\SYSTEM32\dhcpcsvc.DLL
0x00007ff9f14c0000 - 0x00007ff9f14f4000 	C:\WINDOWS\SYSTEM32\ntmarta.dll

dbghelp: loaded successfully - version: 4.0.5 - missing functions: none
symbol engine: initialized successfully - sym options: 0x614 - pdb path: .;c:\Users\21355\.vscode\extensions\redhat.java-1.42.0-win32-x64\jre\21.0.7-win32-x86_64\bin;C:\WINDOWS\SYSTEM32;C:\WINDOWS\WinSxS\amd64_microsoft.windows.common-controls_6595b64144ccf1df_6.0.22621.5262_none_2712bde373830908;c:\Users\21355\.vscode\extensions\redhat.java-1.42.0-win32-x64\jre\21.0.7-win32-x86_64\bin\server;C:\Users\21355\AppData\Roaming\Code\User\globalStorage\redhat.java\1.42.0\config_win\org.eclipse.equinox.launcher\org.eclipse.equinox.launcher.win32.win32.x86_64_1.2.1300.v20250331-1702;C:\Users\21355\AppData\Local\Temp\jna-47686516

VM Arguments:
jvm_args: --add-modules=ALL-SYSTEM --add-opens=java.base/java.util=ALL-UNNAMED --add-opens=java.base/java.lang=ALL-UNNAMED --add-opens=java.base/sun.nio.fs=ALL-UNNAMED -Declipse.application=org.eclipse.jdt.ls.core.id1 -Dosgi.bundles.defaultStartLevel=4 -Declipse.product=org.eclipse.jdt.ls.core.product -Djava.import.generatesMetadataFilesAtProjectRoot=false -DDetectVMInstallationsJob.disabled=true -Dfile.encoding=utf8 -XX:+UseParallelGC -XX:GCTimeRatio=4 -XX:AdaptiveSizePolicyWeight=90 -Dsun.zip.disableMemoryMapping=true -Xmx1G -Xms100m -Xlog:disable -javaagent:c:\Users\21355\.vscode\extensions\redhat.java-1.42.0-win32-x64\lombok\lombok-1.18.36.jar -XX:+HeapDumpOnOutOfMemoryError -XX:HeapDumpPath=c:\Users\21355\AppData\Roaming\Code\User\workspaceStorage\ccb18cf87925110d0de6d8524cb8304c\redhat.java -Daether.dependencyCollector.impl=bf 
java_command: c:\Users\21355\.vscode\extensions\redhat.java-1.42.0-win32-x64\server\plugins\org.eclipse.equinox.launcher_1.7.0.v20250424-1814.jar -configuration c:\Users\21355\AppData\Roaming\Code\User\globalStorage\redhat.java\1.42.0\config_win -data c:\Users\21355\AppData\Roaming\Code\User\workspaceStorage\ccb18cf87925110d0de6d8524cb8304c\redhat.java\jdt_ws --pipe=\\.\pipe\lsp-72ae639b788bbba1f8464156a9b3fff5-sock
java_class_path (initial): c:\Users\21355\.vscode\extensions\redhat.java-1.42.0-win32-x64\server\plugins\org.eclipse.equinox.launcher_1.7.0.v20250424-1814.jar
Launcher Type: SUN_STANDARD

[Global flags]
    uintx AdaptiveSizePolicyWeight                 = 90                                        {product} {command line}
     intx CICompilerCount                          = 4                                         {product} {ergonomic}
    uintx GCTimeRatio                              = 4                                         {product} {command line}
     bool HeapDumpOnOutOfMemoryError               = true                                   {manageable} {command line}
    ccstr HeapDumpPath                             = c:\Users\21355\AppData\Roaming\Code\User\workspaceStorage\ccb18cf87925110d0de6d8524cb8304c\redhat.java         {manageable} {command line}
   size_t InitialHeapSize                          = 104857600                                 {product} {command line}
   size_t MaxHeapSize                              = 1073741824                                {product} {command line}
   size_t MaxNewSize                               = 357564416                                 {product} {ergonomic}
   size_t MinHeapDeltaBytes                        = 524288                                    {product} {ergonomic}
   size_t MinHeapSize                              = 104857600                                 {product} {command line}
   size_t NewSize                                  = 34603008                                  {product} {ergonomic}
    uintx NonNMethodCodeHeapSize                   = 5839372                                {pd product} {ergonomic}
    uintx NonProfiledCodeHeapSize                  = 122909434                              {pd product} {ergonomic}
   size_t OldSize                                  = 70254592                                  {product} {ergonomic}
    uintx ProfiledCodeHeapSize                     = 122909434                              {pd product} {ergonomic}
    uintx ReservedCodeCacheSize                    = 251658240                              {pd product} {ergonomic}
     bool SegmentedCodeCache                       = true                                      {product} {ergonomic}
   size_t SoftMaxHeapSize                          = 1073741824                             {manageable} {ergonomic}
     bool UseCompressedOops                        = true                           {product lp64_product} {ergonomic}
     bool UseLargePagesIndividualAllocation        = false                                  {pd product} {ergonomic}
     bool UseParallelGC                            = true                                      {product} {command line}

Logging:
Log output configuration:
 #0: stdout all=off uptime,level,tags foldmultilines=false
 #1: stderr all=off uptime,level,tags foldmultilines=false

Environment Variables:
JAVA_HOME=C:\Program Files\Java\jdk-24
PATH=C:\Program Files\Common Files\Oracle\Java\javapath;C:\Program Files\Python313\Scripts\;C:\Program Files\Python313\;C:\Program Files (x86)\Common Files\Oracle\Java\java8path;C:\Program Files (x86)\Common Files\Oracle\Java\javapath;C:\oraclexe\app\oracle\product\11.2.0\server\bin;C:\Program Files (x86)\Common Files\Intel\Shared Libraries\redist\intel64\compiler;C:\WINDOWS\system32;C:\WINDOWS;C:\WINDOWS\System32\Wbem;C:\WINDOWS\System32\WindowsPowerShell\v1.0\;C:\WINDOWS\System32\OpenSSH\;C:\Program Files\dotnet\;C:\Program Files (x86)\dotnet\;C:\Program Files (x86)\Windows Kits\10\Windows Performance Toolkit\;C:\Users\21355\Downloads\platform-tools_r35.0.0-windows\platform-tools;C:\Program Files (x86)\Git\cmd;C:\Program Files (x86)\PuTTY\;C:\Windows\System32;C:\Program Files\Java\jdk-24\bin;C:\Users\21355\Downloads\kotlin-compiler-2.1.0\kotlinc\bin;C:\Program Files (x86)\BaseX\bin;C:\Program Files\nodejs\;C:\ProgramData\chocolatey\bin;C:\Program Files\Java\jdk-24\bin;C:\Program Files\Docker\Docker\resources\bin;C:\Users\21355\AppData\Local\Programs\Python\Python312\Scripts\;C:\Users\21355\AppData\Local\Programs\Python\Python312\;C:\Users\21355\AppData\Local\Programs\Python\Launcher\;C:\Users\21355\AppData\Local\Microsoft\WindowsApps;C:\Microsoft VS Code\bin;C:\Users\21355\Downloads\flutter_windows_3.7.5-stable\flutter\bin;C:\src\flutter\bin;C:\Program Files\nodejs\;C:\flutter\bin;C:\Program Files\JetBrains\IntelliJ IDEA 2024.2.3\bin;;C:\Users\21355\AppData\Local\Muse Hub\lib;C:\Users\21355\Downloads\kotlin-compiler-2.1.0\kotlinc\bin;C:\Users\21355\AppData\Roaming\npm;C:\Users\21355\Downloads\apache-maven-3.9.6-bin\apache-maven-3.9.6\bin;C:\Users\21355\Downloads\apache-maven-3.9.10-bin\apache-maven-3.9.10\bin;
USERNAME=21355
OS=Windows_NT
PROCESSOR_IDENTIFIER=Intel64 Family 6 Model 140 Stepping 1, GenuineIntel
TMP=C:\Users\21355\AppData\Local\Temp
TEMP=C:\Users\21355\AppData\Local\Temp




Periodic native trim disabled

---------------  S Y S T E M  ---------------

OS:
 Windows 11 , 64 bit Build 22621 (10.0.22621.5262)
OS uptime: 0 days 1:29 hours
Hyper-V role detected

CPU: total 8 (initial active 8) (4 cores per cpu, 2 threads per core) family 6 model 140 stepping 1 microcode 0xbc, cx8, cmov, fxsr, ht, mmx, 3dnowpref, sse, sse2, sse3, ssse3, sse4.1, sse4.2, popcnt, lzcnt, tsc, tscinvbit, avx, avx2, aes, erms, clmul, bmi1, bmi2, adx, avx512f, avx512dq, avx512cd, avx512bw, avx512vl, sha, fma, vzeroupper, avx512_vpopcntdq, avx512_vpclmulqdq, avx512_vaes, avx512_vnni, clflush, clflushopt, clwb, avx512_vbmi2, avx512_vbmi, hv, rdtscp, rdpid, fsrm, gfni, avx512_bitalg, f16c, cet_ibt, cet_ss, avx512_ifma
Processor Information for the first 8 processors :
  Max Mhz: 1690, Current Mhz: 1690, Mhz Limit: 1690

Memory: 4k page, system-wide physical 7937M (151M free)
TotalPageFile size 23890M (AvailPageFile size 2M)
current process WorkingSet (physical memory assigned to process): 490M, peak: 603M
current process commit charge ("private bytes"): 806M, peak: 810M

vm_info: OpenJDK 64-Bit Server VM (21.0.7+6-LTS) for windows-amd64 JRE (21.0.7+6-LTS), built on 2025-04-15T00:00:00Z by "admin" with MS VC++ 17.7 (VS2022)

END.
